This file contains any messages produced by compilers while
running configure, to aid debugging if configure makes a mistake.

It was created by indexfs configure 0.4.1, which was
generated by GNU Autoconf 2.69.  Invocation command line was

  $ ../configure CFLAGS=-g2     -DIDXFS_ENABLE_COMPRESSION CXXFLAGS=-g2     -DIDXFS_ENABLE_COMPRESSION MPICC=mpicc.mpich MPICXX=mpicxx.mpich

## --------- ##
## Platform. ##
## --------- ##

hostname = yyx-XPS-13-9365
uname -m = x86_64
uname -r = 5.11.0-43-generic
uname -s = Linux
uname -v = #47~20.04.2-Ubuntu SMP Mon Dec 13 11:06:56 UTC 2021

/usr/bin/uname -p = x86_64
/bin/uname -X     = unknown

/bin/arch              = x86_64
/usr/bin/arch -k       = unknown
/usr/convex/getsysinfo = unknown
/usr/bin/hostinfo      = unknown
/bin/machine           = unknown
/usr/bin/oslevel       = unknown
/bin/universe          = unknown

PATH: /usr/local/sbin
PATH: /usr/local/bin
PATH: /usr/sbin
PATH: /usr/bin
PATH: /sbin
PATH: /bin
PATH: /usr/games
PATH: /usr/local/games
PATH: /snap/bin


## ----------- ##
## Core tests. ##
## ----------- ##

configure:2895: checking for gcc
configure:2911: found /usr/bin/gcc
configure:2922: result: gcc
configure:3151: checking for C compiler version
configure:3160: gcc --version >&5
gcc (Ubuntu 9.3.0-17ubuntu1~20.04) 9.3.0
Copyright (C) 2019 Free Software Foundation, Inc.
This is free software; see the source for copying conditions.  There is NO
warranty; not even for MERCHANTABILITY or FITNESS FOR A PARTICULAR PURPOSE.

configure:3171: $? = 0
configure:3160: gcc -v >&5
Using built-in specs.
COLLECT_GCC=gcc
COLLECT_LTO_WRAPPER=/usr/lib/gcc/x86_64-linux-gnu/9/lto-wrapper
OFFLOAD_TARGET_NAMES=nvptx-none:hsa
OFFLOAD_TARGET_DEFAULT=1
Target: x86_64-linux-gnu
Configured with: ../src/configure -v --with-pkgversion='Ubuntu 9.3.0-17ubuntu1~20.04' --with-bugurl=file:///usr/share/doc/gcc-9/README.Bugs --enable-languages=c,ada,c++,go,brig,d,fortran,objc,obj-c++,gm2 --prefix=/usr --with-gcc-major-version-only --program-suffix=-9 --program-prefix=x86_64-linux-gnu- --enable-shared --enable-linker-build-id --libexecdir=/usr/lib --without-included-gettext --enable-threads=posix --libdir=/usr/lib --enable-nls --enable-clocale=gnu --enable-libstdcxx-debug --enable-libstdcxx-time=yes --with-default-libstdcxx-abi=new --enable-gnu-unique-object --disable-vtable-verify --enable-plugin --enable-default-pie --with-system-zlib --with-target-system-zlib=auto --enable-objc-gc=auto --enable-multiarch --disable-werror --with-arch-32=i686 --with-abi=m64 --with-multilib-list=m32,m64,mx32 --enable-multilib --with-tune=generic --enable-offload-targets=nvptx-none=/build/gcc-9-HskZEa/gcc-9-9.3.0/debian/tmp-nvptx/usr,hsa --without-cuda-driver --enable-checking=release --build=x86_64-linux-gnu --host=x86_64-linux-gnu --target=x86_64-linux-gnu
Thread model: posix
gcc version 9.3.0 (Ubuntu 9.3.0-17ubuntu1~20.04) 
configure:3171: $? = 0
configure:3160: gcc -V >&5
gcc: error: unrecognized command line option '-V'
gcc: fatal error: no input files
compilation terminated.
configure:3171: $? = 1
configure:3160: gcc -qversion >&5
gcc: error: unrecognized command line option '-qversion'; did you mean '--version'?
gcc: fatal error: no input files
compilation terminated.
configure:3171: $? = 1
configure:3191: checking whether the C compiler works
configure:3213: gcc -g2     -DIDXFS_ENABLE_COMPRESSION   conftest.c  >&5
configure:3217: $? = 0
configure:3265: result: yes
configure:3268: checking for C compiler default output file name
configure:3270: result: a.out
configure:3276: checking for suffix of executables
configure:3283: gcc -o conftest -g2     -DIDXFS_ENABLE_COMPRESSION   conftest.c  >&5
configure:3287: $? = 0
configure:3309: result: 
configure:3331: checking whether we are cross compiling
configure:3339: gcc -o conftest -g2     -DIDXFS_ENABLE_COMPRESSION   conftest.c  >&5
configure:3343: $? = 0
configure:3350: ./conftest
configure:3354: $? = 0
configure:3342: result: no
configure:3347: checking for suffix of object files
configure:3369: gcc -c -g2     -DIDXFS_ENABLE_COMPRESSION  conftest.c >&5
configure:3373: $? = 0
configure:3394: result: o
configure:3398: checking whether we are using the GNU C compiler
configure:3417: gcc -c -g2     -DIDXFS_ENABLE_COMPRESSION  conftest.c >&5
configure:3417: $? = 0
configure:3426: result: yes
configure:3435: checking whether gcc accepts -g
configure:3455: gcc -c -g  conftest.c >&5
configure:3455: $? = 0
configure:3496: result: yes
configure:3513: checking for gcc option to accept ISO C89
configure:3576: gcc  -c -g2     -DIDXFS_ENABLE_COMPRESSION  conftest.c >&5
configure:3576: $? = 0
configure:3589: result: none needed
configure:3614: checking whether gcc understands -c and -o together
configure:3636: gcc -c conftest.c -o conftest2.o
configure:3639: $? = 0
configure:3636: gcc -c conftest.c -o conftest2.o
configure:3639: $? = 0
configure:3651: result: yes
configure:3674: checking how to run the C preprocessor
configure:3705: gcc -E  conftest.c
configure:3705: $? = 0
configure:3719: gcc -E  conftest.c
conftest.c:9:10: fatal error: ac_nonexistent.h: No such file or directory
    9 | #include <ac_nonexistent.h>
      |          ^~~~~~~~~~~~~~~~~~
compilation terminated.
configure:3719: $? = 1
configure: failed program was:
| /* confdefs.h */
| #define PACKAGE_NAME "indexfs"
| #define PACKAGE_TARNAME "indexfs"
| #define PACKAGE_VERSION "0.4.1"
| #define PACKAGE_STRING "indexfs 0.4.1"
| #define PACKAGE_BUGREPORT ""
| #define PACKAGE_URL ""
| /* end confdefs.h.  */
| #include <ac_nonexistent.h>
configure:3744: result: gcc -E
configure:3764: gcc -E  conftest.c
configure:3764: $? = 0
configure:3778: gcc -E  conftest.c
conftest.c:9:10: fatal error: ac_nonexistent.h: No such file or directory
    9 | #include <ac_nonexistent.h>
      |          ^~~~~~~~~~~~~~~~~~
compilation terminated.
configure:3778: $? = 1
configure: failed program was:
| /* confdefs.h */
| #define PACKAGE_NAME "indexfs"
| #define PACKAGE_TARNAME "indexfs"
| #define PACKAGE_VERSION "0.4.1"
| #define PACKAGE_STRING "indexfs 0.4.1"
| #define PACKAGE_BUGREPORT ""
| #define PACKAGE_URL ""
| /* end confdefs.h.  */
| #include <ac_nonexistent.h>
configure:3807: checking for grep that handles long lines and -e
configure:3865: result: /usr/bin/grep
configure:3870: checking for egrep
configure:3932: result: /usr/bin/grep -E
configure:3937: checking for ANSI C header files
configure:3957: gcc -c -g2     -DIDXFS_ENABLE_COMPRESSION  conftest.c >&5
configure:3957: $? = 0
configure:4030: gcc -o conftest -g2     -DIDXFS_ENABLE_COMPRESSION   conftest.c  >&5
configure:4030: $? = 0
configure:4030: ./conftest
configure:4030: $? = 0
configure:4041: result: yes
configure:4054: checking for sys/types.h
configure:4054: gcc -c -g2     -DIDXFS_ENABLE_COMPRESSION  conftest.c >&5
configure:4054: $? = 0
configure:4054: result: yes
configure:4054: checking for sys/stat.h
configure:4054: gcc -c -g2     -DIDXFS_ENABLE_COMPRESSION  conftest.c >&5
configure:4054: $? = 0
configure:4054: result: yes
configure:4054: checking for stdlib.h
configure:4054: gcc -c -g2     -DIDXFS_ENABLE_COMPRESSION  conftest.c >&5
configure:4054: $? = 0
configure:4054: result: yes
configure:4054: checking for string.h
configure:4054: gcc -c -g2     -DIDXFS_ENABLE_COMPRESSION  conftest.c >&5
configure:4054: $? = 0
configure:4054: result: yes
configure:4054: checking for memory.h
configure:4054: gcc -c -g2     -DIDXFS_ENABLE_COMPRESSION  conftest.c >&5
configure:4054: $? = 0
configure:4054: result: yes
configure:4054: checking for strings.h
configure:4054: gcc -c -g2     -DIDXFS_ENABLE_COMPRESSION  conftest.c >&5
configure:4054: $? = 0
configure:4054: result: yes
configure:4054: checking for inttypes.h
configure:4054: gcc -c -g2     -DIDXFS_ENABLE_COMPRESSION  conftest.c >&5
configure:4054: $? = 0
configure:4054: result: yes
configure:4054: checking for stdint.h
configure:4054: gcc -c -g2     -DIDXFS_ENABLE_COMPRESSION  conftest.c >&5
configure:4054: $? = 0
configure:4054: result: yes
configure:4054: checking for unistd.h
configure:4054: gcc -c -g2     -DIDXFS_ENABLE_COMPRESSION  conftest.c >&5
configure:4054: $? = 0
configure:4054: result: yes
configure:4067: checking minix/config.h usability
configure:4067: gcc -c -g2     -DIDXFS_ENABLE_COMPRESSION  conftest.c >&5
conftest.c:52:10: fatal error: minix/config.h: No such file or directory
   52 | #include <minix/config.h>
      |          ^~~~~~~~~~~~~~~~
compilation terminated.
configure:4067: $? = 1
configure: failed program was:
| /* confdefs.h */
| #define PACKAGE_NAME "indexfs"
| #define PACKAGE_TARNAME "indexfs"
| #define PACKAGE_VERSION "0.4.1"
| #define PACKAGE_STRING "indexfs 0.4.1"
| #define PACKAGE_BUGREPORT ""
| #define PACKAGE_URL ""
| #define STDC_HEADERS 1
| #define HAVE_SYS_TYPES_H 1
| #define HAVE_SYS_STAT_H 1
| #define HAVE_STDLIB_H 1
| #define HAVE_STRING_H 1
| #define HAVE_MEMORY_H 1
| #define HAVE_STRINGS_H 1
| #define HAVE_INTTYPES_H 1
| #define HAVE_STDINT_H 1
| #define HAVE_UNISTD_H 1
| /* end confdefs.h.  */
| #include <stdio.h>
| #ifdef HAVE_SYS_TYPES_H
| # include <sys/types.h>
| #endif
| #ifdef HAVE_SYS_STAT_H
| # include <sys/stat.h>
| #endif
| #ifdef STDC_HEADERS
| # include <stdlib.h>
| # include <stddef.h>
| #else
| # ifdef HAVE_STDLIB_H
| #  include <stdlib.h>
| # endif
| #endif
| #ifdef HAVE_STRING_H
| # if !defined STDC_HEADERS && defined HAVE_MEMORY_H
| #  include <memory.h>
| # endif
| # include <string.h>
| #endif
| #ifdef HAVE_STRINGS_H
| # include <strings.h>
| #endif
| #ifdef HAVE_INTTYPES_H
| # include <inttypes.h>
| #endif
| #ifdef HAVE_STDINT_H
| # include <stdint.h>
| #endif
| #ifdef HAVE_UNISTD_H
| # include <unistd.h>
| #endif
| #include <minix/config.h>
configure:4067: result: no
configure:4067: checking minix/config.h presence
configure:4067: gcc -E  conftest.c
conftest.c:19:10: fatal error: minix/config.h: No such file or directory
   19 | #include <minix/config.h>
      |          ^~~~~~~~~~~~~~~~
compilation terminated.
configure:4067: $? = 1
configure: failed program was:
| /* confdefs.h */
| #define PACKAGE_NAME "indexfs"
| #define PACKAGE_TARNAME "indexfs"
| #define PACKAGE_VERSION "0.4.1"
| #define PACKAGE_STRING "indexfs 0.4.1"
| #define PACKAGE_BUGREPORT ""
| #define PACKAGE_URL ""
| #define STDC_HEADERS 1
| #define HAVE_SYS_TYPES_H 1
| #define HAVE_SYS_STAT_H 1
| #define HAVE_STDLIB_H 1
| #define HAVE_STRING_H 1
| #define HAVE_MEMORY_H 1
| #define HAVE_STRINGS_H 1
| #define HAVE_INTTYPES_H 1
| #define HAVE_STDINT_H 1
| #define HAVE_UNISTD_H 1
| /* end confdefs.h.  */
| #include <minix/config.h>
configure:4067: result: no
configure:4067: checking for minix/config.h
configure:4067: result: no
configure:4088: checking whether it is safe to define __EXTENSIONS__
configure:4106: gcc -c -g2     -DIDXFS_ENABLE_COMPRESSION  conftest.c >&5
configure:4106: $? = 0
configure:4113: result: yes
configure:4143: checking for a BSD-compatible install
configure:4211: result: /usr/bin/install -c
configure:4222: checking whether build environment is sane
configure:4277: result: yes
configure:4423: checking for a thread-safe mkdir -p
configure:4462: result: /usr/bin/mkdir -p
configure:4469: checking for gawk
configure:4499: result: no
configure:4469: checking for mawk
configure:4485: found /usr/bin/mawk
configure:4496: result: mawk
configure:4507: checking whether make sets $(MAKE)
configure:4529: result: yes
configure:4551: checking whether make supports the include directive
configure:4566: make -f confmf.GNU && cat confinc.out
this is the am__doit target
configure:4569: $? = 0
configure:4588: result: yes (GNU style)
configure:4621: checking whether make supports nested variables
configure:4638: result: yes
configure:4723: checking dependency style of gcc
configure:4834: result: gcc3
configure:4941: checking for ar
configure:4957: found /usr/bin/ar
configure:4968: result: ar
configure:4994: checking the archiver (ar) interface
configure:5010: gcc -c -g2     -DIDXFS_ENABLE_COMPRESSION  conftest.c >&5
configure:5010: $? = 0
configure:5012: ar cru libconftest.a conftest.o >&5
ar: `u' modifier ignored since `D' is the default (see `U')
configure:5015: $? = 0
configure:5014: result: ar
configure:5045: checking whether make supports nested variables
configure:5062: result: yes
configure:5103: checking build system type
configure:5117: result: x86_64-pc-linux-gnu
configure:5137: checking host system type
configure:5150: result: x86_64-pc-linux-gnu
configure:5191: checking how to print strings
configure:5218: result: printf
configure:5239: checking for a sed that does not truncate output
configure:5303: result: /usr/bin/sed
configure:5321: checking for fgrep
configure:5383: result: /usr/bin/grep -F
configure:5418: checking for ld used by gcc
configure:5485: result: /usr/bin/ld
configure:5492: checking if the linker (/usr/bin/ld) is GNU ld
configure:5507: result: yes
configure:5519: checking for BSD- or MS-compatible name lister (nm)
configure:5573: result: /usr/bin/nm -B
configure:5703: checking the name lister (/usr/bin/nm -B) interface
configure:5710: gcc -c -g2     -DIDXFS_ENABLE_COMPRESSION  conftest.c >&5
configure:5713: /usr/bin/nm -B "conftest.o"
configure:5716: output
0000000000000000 B some_variable
configure:5717: result: BSD nm
configure:5720: checking whether ln -s works
configure:5724: result: yes
configure:5732: checking the maximum length of command line arguments
configure:5863: result: 1572864
configure:5911: checking how to convert x86_64-pc-linux-gnu file names to x86_64-pc-linux-gnu format
configure:5951: result: func_convert_file_noop
configure:5958: checking how to convert x86_64-pc-linux-gnu file names to toolchain format
configure:5978: result: func_convert_file_noop
configure:5985: checking for /usr/bin/ld option to reload object files
configure:5992: result: -r
configure:6066: checking for objdump
configure:6082: found /usr/bin/objdump
configure:6093: result: objdump
configure:6125: checking how to recognize dependent libraries
configure:6325: result: pass_all
configure:6410: checking for dlltool
configure:6440: result: no
configure:6470: checking how to associate runtime and link libraries
configure:6497: result: printf %s\n
configure:6621: checking for archiver @FILE support
configure:6638: gcc -c -g2     -DIDXFS_ENABLE_COMPRESSION  conftest.c >&5
configure:6638: $? = 0
configure:6641: ar cr libconftest.a @conftest.lst >&5
configure:6644: $? = 0
configure:6649: ar cr libconftest.a @conftest.lst >&5
ar: conftest.o: No such file or directory
configure:6652: $? = 1
configure:6651: result: @
configure:6709: checking for strip
configure:6725: found /usr/bin/strip
configure:6736: result: strip
configure:6808: checking for ranlib
configure:6824: found /usr/bin/ranlib
configure:6835: result: ranlib
configure:6937: checking command to parse /usr/bin/nm -B output from gcc object
configure:7090: gcc -c -g2     -DIDXFS_ENABLE_COMPRESSION  conftest.c >&5
configure:7093: $? = 0
configure:7097: /usr/bin/nm -B conftest.o | sed -n -e 's/^.*[	 ]\([ABCDGIRSTW][ABCDGIRSTW]*\)[	 ][	 ]*\([_A-Za-z][_A-Za-z0-9]*\)$/\1 \2 \2/p' | sed '/ __gnu_lto/d' > conftest.nm
configure:7163: gcc -o conftest -g2     -DIDXFS_ENABLE_COMPRESSION   conftest.c conftstm.o >&5
configure:7166: $? = 0
configure:7204: result: ok
configure:7251: checking for sysroot
configure:7281: result: no
configure:7288: checking for a working dd
configure:7326: result: /usr/bin/dd
configure:7330: checking how to truncate binary pipes
configure:7345: result: /usr/bin/dd bs=4096 count=1
configure:7481: gcc -c -g2     -DIDXFS_ENABLE_COMPRESSION  conftest.c >&5
configure:7484: $? = 0
configure:7674: checking for mt
configure:7690: found /usr/bin/mt
configure:7701: result: mt
configure:7724: checking if mt is a manifest tool
configure:7730: mt '-?'
configure:7738: result: no
configure:8412: checking for dlfcn.h
configure:8412: gcc -c -g2     -DIDXFS_ENABLE_COMPRESSION  conftest.c >&5
configure:8412: $? = 0
configure:8412: result: yes
configure:8668: checking for objdir
configure:8683: result: .libs
configure:8947: checking if gcc supports -fno-rtti -fno-exceptions
configure:8965: gcc -c -g2     -DIDXFS_ENABLE_COMPRESSION  -fno-rtti -fno-exceptions conftest.c >&5
cc1: warning: command line option '-fno-rtti' is valid for C++/D/ObjC++ but not for C
configure:8969: $? = 0
configure:8982: result: no
configure:9346: checking for gcc option to produce PIC
configure:9353: result: -fPIC -DPIC
configure:9361: checking if gcc PIC flag -fPIC -DPIC works
configure:9379: gcc -c -g2     -DIDXFS_ENABLE_COMPRESSION  -fPIC -DPIC -DPIC conftest.c >&5
configure:9383: $? = 0
configure:9396: result: yes
configure:9425: checking if gcc static flag -static works
configure:9453: result: yes
configure:9468: checking if gcc supports -c -o file.o
configure:9489: gcc -c -g2     -DIDXFS_ENABLE_COMPRESSION  -o out/conftest2.o conftest.c >&5
configure:9493: $? = 0
configure:9515: result: yes
configure:9523: checking if gcc supports -c -o file.o
configure:9570: result: yes
configure:9603: checking whether the gcc linker (/usr/bin/ld -m elf_x86_64) supports shared libraries
configure:10866: result: yes
configure:10903: checking whether -lc should be explicitly linked in
configure:10911: gcc -c -g2     -DIDXFS_ENABLE_COMPRESSION  conftest.c >&5
configure:10914: $? = 0
configure:10929: gcc -shared  -fPIC -DPIC conftest.o  -v -Wl,-soname -Wl,conftest -o conftest 2\>\&1 \| /usr/bin/grep  -lc  \>/dev/null 2\>\&1
configure:10932: $? = 0
configure:10946: result: no
configure:11106: checking dynamic linker characteristics
configure:11687: gcc -o conftest -g2     -DIDXFS_ENABLE_COMPRESSION   -Wl,-rpath -Wl,/foo conftest.c  >&5
configure:11687: $? = 0
configure:11936: result: GNU/Linux ld.so
configure:12058: checking how to hardcode library paths into programs
configure:12083: result: immediate
configure:12631: checking whether stripping libraries is possible
configure:12636: result: yes
configure:12671: checking if libtool supports shared libraries
configure:12673: result: yes
configure:12676: checking whether to build shared libraries
configure:12701: result: yes
configure:12704: checking whether to build static libraries
configure:12708: result: yes
configure:9588: checking for g++
configure:9604: found /usr/bin/g++
configure:9615: result: g++
configure:9642: checking for C++ compiler version
configure:9651: g++ --version >&5
g++ (Ubuntu 9.3.0-17ubuntu1~20.04) 9.3.0
Copyright (C) 2019 Free Software Foundation, Inc.
This is free software; see the source for copying conditions.  There is NO
warranty; not even for MERCHANTABILITY or FITNESS FOR A PARTICULAR PURPOSE.

configure:9662: $? = 0
configure:9651: g++ -v >&5
Using built-in specs.
COLLECT_GCC=g++
COLLECT_LTO_WRAPPER=/usr/lib/gcc/x86_64-linux-gnu/9/lto-wrapper
OFFLOAD_TARGET_NAMES=nvptx-none:hsa
OFFLOAD_TARGET_DEFAULT=1
Target: x86_64-linux-gnu
Configured with: ../src/configure -v --with-pkgversion='Ubuntu 9.3.0-17ubuntu1~20.04' --with-bugurl=file:///usr/share/doc/gcc-9/README.Bugs --enable-languages=c,ada,c++,go,brig,d,fortran,objc,obj-c++,gm2 --prefix=/usr --with-gcc-major-version-only --program-suffix=-9 --program-prefix=x86_64-linux-gnu- --enable-shared --enable-linker-build-id --libexecdir=/usr/lib --without-included-gettext --enable-threads=posix --libdir=/usr/lib --enable-nls --enable-clocale=gnu --enable-libstdcxx-debug --enable-libstdcxx-time=yes --with-default-libstdcxx-abi=new --enable-gnu-unique-object --disable-vtable-verify --enable-plugin --enable-default-pie --with-system-zlib --with-target-system-zlib=auto --enable-objc-gc=auto --enable-multiarch --disable-werror --with-arch-32=i686 --with-abi=m64 --with-multilib-list=m32,m64,mx32 --enable-multilib --with-tune=generic --enable-offload-targets=nvptx-none=/build/gcc-9-HskZEa/gcc-9-9.3.0/debian/tmp-nvptx/usr,hsa --without-cuda-driver --enable-checking=release --build=x86_64-linux-gnu --host=x86_64-linux-gnu --target=x86_64-linux-gnu
Thread model: posix
gcc version 9.3.0 (Ubuntu 9.3.0-17ubuntu1~20.04) 
configure:9662: $? = 0
configure:9651: g++ -V >&5
g++: error: unrecognized command line option '-V'
g++: fatal error: no input files
compilation terminated.
configure:9662: $? = 1
configure:9651: g++ -qversion >&5
g++: error: unrecognized command line option '-qversion'; did you mean '--version'?
g++: fatal error: no input files
compilation terminated.
configure:9662: $? = 1
configure:9666: checking whether we are using the GNU C++ compiler
configure:9685: g++ -c -g2     -DIDXFS_ENABLE_COMPRESSION  conftest.cpp >&5
configure:9685: $? = 0
configure:9694: result: yes
configure:9703: checking whether g++ accepts -g
configure:9723: g++ -c -g  conftest.cpp >&5
configure:9723: $? = 0
configure:9764: result: yes
configure:9789: checking dependency style of g++
configure:9900: result: gcc3
configure:9933: checking how to run the C++ preprocessor
configure:9960: g++ -E  conftest.cpp
configure:9960: $? = 0
configure:9974: g++ -E  conftest.cpp
conftest.cpp:28:10: fatal error: ac_nonexistent.h: No such file or directory
   28 | #include <ac_nonexistent.h>
      |          ^~~~~~~~~~~~~~~~~~
compilation terminated.
configure:9974: $? = 1
configure: failed program was:
| /* confdefs.h */
| #define PACKAGE_NAME "indexfs"
| #define PACKAGE_TARNAME "indexfs"
| #define PACKAGE_VERSION "0.4.1"
| #define PACKAGE_STRING "indexfs 0.4.1"
| #define PACKAGE_BUGREPORT ""
| #define PACKAGE_URL ""
| #define STDC_HEADERS 1
| #define HAVE_SYS_TYPES_H 1
| #define HAVE_SYS_STAT_H 1
| #define HAVE_STDLIB_H 1
| #define HAVE_STRING_H 1
| #define HAVE_MEMORY_H 1
| #define HAVE_STRINGS_H 1
| #define HAVE_INTTYPES_H 1
| #define HAVE_STDINT_H 1
| #define HAVE_UNISTD_H 1
| #define __EXTENSIONS__ 1
| #define _ALL_SOURCE 1
| #define _GNU_SOURCE 1
| #define _POSIX_PTHREAD_SEMANTICS 1
| #define _TANDEM_SOURCE 1
| #define PACKAGE "indexfs"
| #define VERSION "0.4.1"
| #define HAVE_DLFCN_H 1
| #define LT_OBJDIR ".libs/"
| /* end confdefs.h.  */
| #include <ac_nonexistent.h>
configure:9999: result: g++ -E
configure:10019: g++ -E  conftest.cpp
configure:10019: $? = 0
configure:10033: g++ -E  conftest.cpp
conftest.cpp:28:10: fatal error: ac_nonexistent.h: No such file or directory
   28 | #include <ac_nonexistent.h>
      |          ^~~~~~~~~~~~~~~~~~
compilation terminated.
configure:10033: $? = 1
configure: failed program was:
| /* confdefs.h */
| #define PACKAGE_NAME "indexfs"
| #define PACKAGE_TARNAME "indexfs"
| #define PACKAGE_VERSION "0.4.1"
| #define PACKAGE_STRING "indexfs 0.4.1"
| #define PACKAGE_BUGREPORT ""
| #define PACKAGE_URL ""
| #define STDC_HEADERS 1
| #define HAVE_SYS_TYPES_H 1
| #define HAVE_SYS_STAT_H 1
| #define HAVE_STDLIB_H 1
| #define HAVE_STRING_H 1
| #define HAVE_MEMORY_H 1
| #define HAVE_STRINGS_H 1
| #define HAVE_INTTYPES_H 1
| #define HAVE_STDINT_H 1
| #define HAVE_UNISTD_H 1
| #define __EXTENSIONS__ 1
| #define _ALL_SOURCE 1
| #define _GNU_SOURCE 1
| #define _POSIX_PTHREAD_SEMANTICS 1
| #define _TANDEM_SOURCE 1
| #define PACKAGE "indexfs"
| #define VERSION "0.4.1"
| #define HAVE_DLFCN_H 1
| #define LT_OBJDIR ".libs/"
| /* end confdefs.h.  */
| #include <ac_nonexistent.h>
configure:10195: checking for ld used by g++
configure:10262: result: /usr/bin/ld -m elf_x86_64
configure:10269: checking if the linker (/usr/bin/ld -m elf_x86_64) is GNU ld
configure:10284: result: yes
configure:10339: checking whether the g++ linker (/usr/bin/ld -m elf_x86_64) supports shared libraries
configure:11412: result: yes
configure:11448: g++ -c -g2     -DIDXFS_ENABLE_COMPRESSION  conftest.cpp >&5
configure:11451: $? = 0
configure:11932: checking for g++ option to produce PIC
configure:11939: result: -fPIC -DPIC
configure:11947: checking if g++ PIC flag -fPIC -DPIC works
configure:11965: g++ -c -g2     -DIDXFS_ENABLE_COMPRESSION  -fPIC -DPIC -DPIC conftest.cpp >&5
configure:11969: $? = 0
configure:11982: result: yes
configure:12005: checking if g++ static flag -static works
configure:12033: result: yes
configure:12045: checking if g++ supports -c -o file.o
configure:12066: g++ -c -g2     -DIDXFS_ENABLE_COMPRESSION  -o out/conftest2.o conftest.cpp >&5
configure:12070: $? = 0
configure:12092: result: yes
configure:12097: checking if g++ supports -c -o file.o
configure:12144: result: yes
configure:12174: checking whether the g++ linker (/usr/bin/ld -m elf_x86_64) supports shared libraries
configure:12217: result: yes
configure:12358: checking dynamic linker characteristics
configure:13115: result: GNU/Linux ld.so
configure:13180: checking how to hardcode library paths into programs
configure:13205: result: immediate
configure:12124: checking for gcc
configure:12151: result: gcc
configure:12380: checking for C compiler version
configure:12389: gcc --version >&5
gcc (Ubuntu 9.3.0-17ubuntu1~20.04) 9.3.0
Copyright (C) 2019 Free Software Foundation, Inc.
This is free software; see the source for copying conditions.  There is NO
warranty; not even for MERCHANTABILITY or FITNESS FOR A PARTICULAR PURPOSE.

configure:12400: $? = 0
configure:12389: gcc -v >&5
Using built-in specs.
COLLECT_GCC=gcc
COLLECT_LTO_WRAPPER=/usr/lib/gcc/x86_64-linux-gnu/9/lto-wrapper
OFFLOAD_TARGET_NAMES=nvptx-none:hsa
OFFLOAD_TARGET_DEFAULT=1
Target: x86_64-linux-gnu
Configured with: ../src/configure -v --with-pkgversion='Ubuntu 9.3.0-17ubuntu1~20.04' --with-bugurl=file:///usr/share/doc/gcc-9/README.Bugs --enable-languages=c,ada,c++,go,brig,d,fortran,objc,obj-c++,gm2 --prefix=/usr --with-gcc-major-version-only --program-suffix=-9 --program-prefix=x86_64-linux-gnu- --enable-shared --enable-linker-build-id --libexecdir=/usr/lib --without-included-gettext --enable-threads=posix --libdir=/usr/lib --enable-nls --enable-clocale=gnu --enable-libstdcxx-debug --enable-libstdcxx-time=yes --with-default-libstdcxx-abi=new --enable-gnu-unique-object --disable-vtable-verify --enable-plugin --enable-default-pie --with-system-zlib --with-target-system-zlib=auto --enable-objc-gc=auto --enable-multiarch --disable-werror --with-arch-32=i686 --with-abi=m64 --with-multilib-list=m32,m64,mx32 --enable-multilib --with-tune=generic --enable-offload-targets=nvptx-none=/build/gcc-9-HskZEa/gcc-9-9.3.0/debian/tmp-nvptx/usr,hsa --without-cuda-driver --enable-checking=release --build=x86_64-linux-gnu --host=x86_64-linux-gnu --target=x86_64-linux-gnu
Thread model: posix
gcc version 9.3.0 (Ubuntu 9.3.0-17ubuntu1~20.04) 
configure:12400: $? = 0
configure:12389: gcc -V >&5
gcc: error: unrecognized command line option '-V'
gcc: fatal error: no input files
compilation terminated.
configure:12400: $? = 1
configure:12389: gcc -qversion >&5
gcc: error: unrecognized command line option '-qversion'; did you mean '--version'?
gcc: fatal error: no input files
compilation terminated.
configure:12400: $? = 1
configure:12404: checking whether we are using the GNU C compiler
configure:12432: result: yes
configure:12441: checking whether gcc accepts -g
configure:12502: result: yes
configure:12519: checking for gcc option to accept ISO C89
configure:12595: result: none needed
configure:12620: checking whether gcc understands -c and -o together
configure:12657: result: yes
configure:12674: checking whether ln -s works
configure:12678: result: yes
configure:12686: checking whether make sets $(MAKE)
configure:12708: result: yes
configure:12730: checking netinet/in.h usability
configure:12730: g++ -c -g2     -DIDXFS_ENABLE_COMPRESSION  conftest.cpp >&5
configure:12730: $? = 0
configure:12730: result: yes
configure:12730: checking netinet/in.h presence
configure:12730: g++ -E  conftest.cpp
configure:12730: $? = 0
configure:12730: result: yes
configure:12730: checking for netinet/in.h
configure:12730: result: yes
configure:12741: checking for inline
configure:12757: g++ -c -g2     -DIDXFS_ENABLE_COMPRESSION  conftest.cpp >&5
configure:12757: $? = 0
configure:12765: result: inline
configure:12783: checking for int16_t
configure:12783: g++ -c -g2     -DIDXFS_ENABLE_COMPRESSION  conftest.cpp >&5
configure:12783: $? = 0
configure:12783: g++ -c -g2     -DIDXFS_ENABLE_COMPRESSION  conftest.cpp >&5
conftest.cpp: In function 'int main()':
conftest.cpp:67:58: error: narrowing conversion of '-1' from 'int' to 'long unsigned int' [-Wnarrowing]
   67 |    < (int16_t) (((((int16_t) 1 << N) << N) - 1) * 2 + 2))];
      |                                                          ^
conftest.cpp:66:26: error: size '-1' of array 'test_array' is negative
   66 | static int test_array [1 - 2 * !((int16_t) (((((int16_t) 1 << N) << N) - 1) * 2 + 1)
      |                        ~~^~~~~~~~~~~~~~~~~~~~~~~~~~~~~~~~~~~~~~~~~~~~~~~~~~~~~~~~~~~
   67 |    < (int16_t) (((((int16_t) 1 << N) << N) - 1) * 2 + 2))];
      |    ~~~~~~~~~~~~~~~~~~~~~~~~~~~~~~~~~~~~~~~~~~~~~~~~~~~~~~
configure:12783: $? = 1
configure: failed program was:
| /* confdefs.h */
| #define PACKAGE_NAME "indexfs"
| #define PACKAGE_TARNAME "indexfs"
| #define PACKAGE_VERSION "0.4.1"
| #define PACKAGE_STRING "indexfs 0.4.1"
| #define PACKAGE_BUGREPORT ""
| #define PACKAGE_URL ""
| #define STDC_HEADERS 1
| #define HAVE_SYS_TYPES_H 1
| #define HAVE_SYS_STAT_H 1
| #define HAVE_STDLIB_H 1
| #define HAVE_STRING_H 1
| #define HAVE_MEMORY_H 1
| #define HAVE_STRINGS_H 1
| #define HAVE_INTTYPES_H 1
| #define HAVE_STDINT_H 1
| #define HAVE_UNISTD_H 1
| #define __EXTENSIONS__ 1
| #define _ALL_SOURCE 1
| #define _GNU_SOURCE 1
| #define _POSIX_PTHREAD_SEMANTICS 1
| #define _TANDEM_SOURCE 1
| #define PACKAGE "indexfs"
| #define VERSION "0.4.1"
| #define HAVE_DLFCN_H 1
| #define LT_OBJDIR ".libs/"
| #define HAVE_NETINET_IN_H 1
| /* end confdefs.h.  */
| #include <stdio.h>
| #ifdef HAVE_SYS_TYPES_H
| # include <sys/types.h>
| #endif
| #ifdef HAVE_SYS_STAT_H
| # include <sys/stat.h>
| #endif
| #ifdef STDC_HEADERS
| # include <stdlib.h>
| # include <stddef.h>
| #else
| # ifdef HAVE_STDLIB_H
| #  include <stdlib.h>
| # endif
| #endif
| #ifdef HAVE_STRING_H
| # if !defined STDC_HEADERS && defined HAVE_MEMORY_H
| #  include <memory.h>
| # endif
| # include <string.h>
| #endif
| #ifdef HAVE_STRINGS_H
| # include <strings.h>
| #endif
| #ifdef HAVE_INTTYPES_H
| # include <inttypes.h>
| #endif
| #ifdef HAVE_STDINT_H
| # include <stdint.h>
| #endif
| #ifdef HAVE_UNISTD_H
| # include <unistd.h>
| #endif
| 	        enum { N = 16 / 2 - 1 };
| int
| main ()
| {
| static int test_array [1 - 2 * !((int16_t) (((((int16_t) 1 << N) << N) - 1) * 2 + 1)
| 		 < (int16_t) (((((int16_t) 1 << N) << N) - 1) * 2 + 2))];
| test_array [0] = 0;
| return test_array [0];
| 
|   ;
|   return 0;
| }
configure:12783: result: yes
configure:12794: checking for int32_t
configure:12794: g++ -c -g2     -DIDXFS_ENABLE_COMPRESSION  conftest.cpp >&5
configure:12794: $? = 0
configure:12794: g++ -c -g2     -DIDXFS_ENABLE_COMPRESSION  conftest.cpp >&5
conftest.cpp: In function 'int main()':
conftest.cpp:67:53: warning: integer overflow in expression of type 'int32_t' {aka 'int'} results in '-2147483648' [-Woverflow]
   67 |    < (int32_t) (((((int32_t) 1 << N) << N) - 1) * 2 + 2))];
      |                 ~~~~~~~~~~~~~~~~~~~~~~~~~~~~~~~~~~~~^~~
conftest.cpp:66:26: error: size '-1' of array 'test_array' is negative
   66 | static int test_array [1 - 2 * !((int32_t) (((((int32_t) 1 << N) << N) - 1) * 2 + 1)
      |                        ~~^~~~~~~~~~~~~~~~~~~~~~~~~~~~~~~~~~~~~~~~~~~~~~~~~~~~~~~~~~~
   67 |    < (int32_t) (((((int32_t) 1 << N) << N) - 1) * 2 + 2))];
      |    ~~~~~~~~~~~~~~~~~~~~~~~~~~~~~~~~~~~~~~~~~~~~~~~~~~~~~~
configure:12794: $? = 1
configure: failed program was:
| /* confdefs.h */
| #define PACKAGE_NAME "indexfs"
| #define PACKAGE_TARNAME "indexfs"
| #define PACKAGE_VERSION "0.4.1"
| #define PACKAGE_STRING "indexfs 0.4.1"
| #define PACKAGE_BUGREPORT ""
| #define PACKAGE_URL ""
| #define STDC_HEADERS 1
| #define HAVE_SYS_TYPES_H 1
| #define HAVE_SYS_STAT_H 1
| #define HAVE_STDLIB_H 1
| #define HAVE_STRING_H 1
| #define HAVE_MEMORY_H 1
| #define HAVE_STRINGS_H 1
| #define HAVE_INTTYPES_H 1
| #define HAVE_STDINT_H 1
| #define HAVE_UNISTD_H 1
| #define __EXTENSIONS__ 1
| #define _ALL_SOURCE 1
| #define _GNU_SOURCE 1
| #define _POSIX_PTHREAD_SEMANTICS 1
| #define _TANDEM_SOURCE 1
| #define PACKAGE "indexfs"
| #define VERSION "0.4.1"
| #define HAVE_DLFCN_H 1
| #define LT_OBJDIR ".libs/"
| #define HAVE_NETINET_IN_H 1
| /* end confdefs.h.  */
| #include <stdio.h>
| #ifdef HAVE_SYS_TYPES_H
| # include <sys/types.h>
| #endif
| #ifdef HAVE_SYS_STAT_H
| # include <sys/stat.h>
| #endif
| #ifdef STDC_HEADERS
| # include <stdlib.h>
| # include <stddef.h>
| #else
| # ifdef HAVE_STDLIB_H
| #  include <stdlib.h>
| # endif
| #endif
| #ifdef HAVE_STRING_H
| # if !defined STDC_HEADERS && defined HAVE_MEMORY_H
| #  include <memory.h>
| # endif
| # include <string.h>
| #endif
| #ifdef HAVE_STRINGS_H
| # include <strings.h>
| #endif
| #ifdef HAVE_INTTYPES_H
| # include <inttypes.h>
| #endif
| #ifdef HAVE_STDINT_H
| # include <stdint.h>
| #endif
| #ifdef HAVE_UNISTD_H
| # include <unistd.h>
| #endif
| 	        enum { N = 32 / 2 - 1 };
| int
| main ()
| {
| static int test_array [1 - 2 * !((int32_t) (((((int32_t) 1 << N) << N) - 1) * 2 + 1)
| 		 < (int32_t) (((((int32_t) 1 << N) << N) - 1) * 2 + 2))];
| test_array [0] = 0;
| return test_array [0];
| 
|   ;
|   return 0;
| }
configure:12794: result: yes
configure:12805: checking for int64_t
configure:12805: g++ -c -g2     -DIDXFS_ENABLE_COMPRESSION  conftest.cpp >&5
configure:12805: $? = 0
configure:12805: g++ -c -g2     -DIDXFS_ENABLE_COMPRESSION  conftest.cpp >&5
conftest.cpp: In function 'int main()':
conftest.cpp:67:53: warning: integer overflow in expression of type 'int64_t' {aka 'long int'} results in '-9223372036854775808' [-Woverflow]
   67 |    < (int64_t) (((((int64_t) 1 << N) << N) - 1) * 2 + 2))];
      |                 ~~~~~~~~~~~~~~~~~~~~~~~~~~~~~~~~~~~~^~~
conftest.cpp:66:26: error: size '-1' of array 'test_array' is negative
   66 | static int test_array [1 - 2 * !((int64_t) (((((int64_t) 1 << N) << N) - 1) * 2 + 1)
      |                        ~~^~~~~~~~~~~~~~~~~~~~~~~~~~~~~~~~~~~~~~~~~~~~~~~~~~~~~~~~~~~
   67 |    < (int64_t) (((((int64_t) 1 << N) << N) - 1) * 2 + 2))];
      |    ~~~~~~~~~~~~~~~~~~~~~~~~~~~~~~~~~~~~~~~~~~~~~~~~~~~~~~
configure:12805: $? = 1
configure: failed program was:
| /* confdefs.h */
| #define PACKAGE_NAME "indexfs"
| #define PACKAGE_TARNAME "indexfs"
| #define PACKAGE_VERSION "0.4.1"
| #define PACKAGE_STRING "indexfs 0.4.1"
| #define PACKAGE_BUGREPORT ""
| #define PACKAGE_URL ""
| #define STDC_HEADERS 1
| #define HAVE_SYS_TYPES_H 1
| #define HAVE_SYS_STAT_H 1
| #define HAVE_STDLIB_H 1
| #define HAVE_STRING_H 1
| #define HAVE_MEMORY_H 1
| #define HAVE_STRINGS_H 1
| #define HAVE_INTTYPES_H 1
| #define HAVE_STDINT_H 1
| #define HAVE_UNISTD_H 1
| #define __EXTENSIONS__ 1
| #define _ALL_SOURCE 1
| #define _GNU_SOURCE 1
| #define _POSIX_PTHREAD_SEMANTICS 1
| #define _TANDEM_SOURCE 1
| #define PACKAGE "indexfs"
| #define VERSION "0.4.1"
| #define HAVE_DLFCN_H 1
| #define LT_OBJDIR ".libs/"
| #define HAVE_NETINET_IN_H 1
| /* end confdefs.h.  */
| #include <stdio.h>
| #ifdef HAVE_SYS_TYPES_H
| # include <sys/types.h>
| #endif
| #ifdef HAVE_SYS_STAT_H
| # include <sys/stat.h>
| #endif
| #ifdef STDC_HEADERS
| # include <stdlib.h>
| # include <stddef.h>
| #else
| # ifdef HAVE_STDLIB_H
| #  include <stdlib.h>
| # endif
| #endif
| #ifdef HAVE_STRING_H
| # if !defined STDC_HEADERS && defined HAVE_MEMORY_H
| #  include <memory.h>
| # endif
| # include <string.h>
| #endif
| #ifdef HAVE_STRINGS_H
| # include <strings.h>
| #endif
| #ifdef HAVE_INTTYPES_H
| # include <inttypes.h>
| #endif
| #ifdef HAVE_STDINT_H
| # include <stdint.h>
| #endif
| #ifdef HAVE_UNISTD_H
| # include <unistd.h>
| #endif
| 	        enum { N = 64 / 2 - 1 };
| int
| main ()
| {
| static int test_array [1 - 2 * !((int64_t) (((((int64_t) 1 << N) << N) - 1) * 2 + 1)
| 		 < (int64_t) (((((int64_t) 1 << N) << N) - 1) * 2 + 2))];
| test_array [0] = 0;
| return test_array [0];
| 
|   ;
|   return 0;
| }
configure:12805: result: yes
configure:12816: checking for int8_t
configure:12816: g++ -c -g2     -DIDXFS_ENABLE_COMPRESSION  conftest.cpp >&5
configure:12816: $? = 0
configure:12816: g++ -c -g2     -DIDXFS_ENABLE_COMPRESSION  conftest.cpp >&5
conftest.cpp: In function 'int main()':
conftest.cpp:67:56: error: narrowing conversion of '-1' from 'int' to 'long unsigned int' [-Wnarrowing]
   67 |    < (int8_t) (((((int8_t) 1 << N) << N) - 1) * 2 + 2))];
      |                                                        ^
conftest.cpp:66:26: error: size '-1' of array 'test_array' is negative
   66 | static int test_array [1 - 2 * !((int8_t) (((((int8_t) 1 << N) << N) - 1) * 2 + 1)
      |                        ~~^~~~~~~~~~~~~~~~~~~~~~~~~~~~~~~~~~~~~~~~~~~~~~~~~~~~~~~~~
   67 |    < (int8_t) (((((int8_t) 1 << N) << N) - 1) * 2 + 2))];
      |    ~~~~~~~~~~~~~~~~~~~~~~~~~~~~~~~~~~~~~~~~~~~~~~~~~~~~
configure:12816: $? = 1
configure: failed program was:
| /* confdefs.h */
| #define PACKAGE_NAME "indexfs"
| #define PACKAGE_TARNAME "indexfs"
| #define PACKAGE_VERSION "0.4.1"
| #define PACKAGE_STRING "indexfs 0.4.1"
| #define PACKAGE_BUGREPORT ""
| #define PACKAGE_URL ""
| #define STDC_HEADERS 1
| #define HAVE_SYS_TYPES_H 1
| #define HAVE_SYS_STAT_H 1
| #define HAVE_STDLIB_H 1
| #define HAVE_STRING_H 1
| #define HAVE_MEMORY_H 1
| #define HAVE_STRINGS_H 1
| #define HAVE_INTTYPES_H 1
| #define HAVE_STDINT_H 1
| #define HAVE_UNISTD_H 1
| #define __EXTENSIONS__ 1
| #define _ALL_SOURCE 1
| #define _GNU_SOURCE 1
| #define _POSIX_PTHREAD_SEMANTICS 1
| #define _TANDEM_SOURCE 1
| #define PACKAGE "indexfs"
| #define VERSION "0.4.1"
| #define HAVE_DLFCN_H 1
| #define LT_OBJDIR ".libs/"
| #define HAVE_NETINET_IN_H 1
| /* end confdefs.h.  */
| #include <stdio.h>
| #ifdef HAVE_SYS_TYPES_H
| # include <sys/types.h>
| #endif
| #ifdef HAVE_SYS_STAT_H
| # include <sys/stat.h>
| #endif
| #ifdef STDC_HEADERS
| # include <stdlib.h>
| # include <stddef.h>
| #else
| # ifdef HAVE_STDLIB_H
| #  include <stdlib.h>
| # endif
| #endif
| #ifdef HAVE_STRING_H
| # if !defined STDC_HEADERS && defined HAVE_MEMORY_H
| #  include <memory.h>
| # endif
| # include <string.h>
| #endif
| #ifdef HAVE_STRINGS_H
| # include <strings.h>
| #endif
| #ifdef HAVE_INTTYPES_H
| # include <inttypes.h>
| #endif
| #ifdef HAVE_STDINT_H
| # include <stdint.h>
| #endif
| #ifdef HAVE_UNISTD_H
| # include <unistd.h>
| #endif
| 	        enum { N = 8 / 2 - 1 };
| int
| main ()
| {
| static int test_array [1 - 2 * !((int8_t) (((((int8_t) 1 << N) << N) - 1) * 2 + 1)
| 		 < (int8_t) (((((int8_t) 1 << N) << N) - 1) * 2 + 2))];
| test_array [0] = 0;
| return test_array [0];
| 
|   ;
|   return 0;
| }
configure:12816: result: yes
configure:12827: checking for mode_t
configure:12827: g++ -c -g2     -DIDXFS_ENABLE_COMPRESSION  conftest.cpp >&5
configure:12827: $? = 0
configure:12827: g++ -c -g2     -DIDXFS_ENABLE_COMPRESSION  conftest.cpp >&5
conftest.cpp: In function 'int main()':
conftest.cpp:65:20: error: expected primary-expression before ')' token
   65 | if (sizeof ((mode_t)))
      |                    ^
configure:12827: $? = 1
configure: failed program was:
| /* confdefs.h */
| #define PACKAGE_NAME "indexfs"
| #define PACKAGE_TARNAME "indexfs"
| #define PACKAGE_VERSION "0.4.1"
| #define PACKAGE_STRING "indexfs 0.4.1"
| #define PACKAGE_BUGREPORT ""
| #define PACKAGE_URL ""
| #define STDC_HEADERS 1
| #define HAVE_SYS_TYPES_H 1
| #define HAVE_SYS_STAT_H 1
| #define HAVE_STDLIB_H 1
| #define HAVE_STRING_H 1
| #define HAVE_MEMORY_H 1
| #define HAVE_STRINGS_H 1
| #define HAVE_INTTYPES_H 1
| #define HAVE_STDINT_H 1
| #define HAVE_UNISTD_H 1
| #define __EXTENSIONS__ 1
| #define _ALL_SOURCE 1
| #define _GNU_SOURCE 1
| #define _POSIX_PTHREAD_SEMANTICS 1
| #define _TANDEM_SOURCE 1
| #define PACKAGE "indexfs"
| #define VERSION "0.4.1"
| #define HAVE_DLFCN_H 1
| #define LT_OBJDIR ".libs/"
| #define HAVE_NETINET_IN_H 1
| /* end confdefs.h.  */
| #include <stdio.h>
| #ifdef HAVE_SYS_TYPES_H
| # include <sys/types.h>
| #endif
| #ifdef HAVE_SYS_STAT_H
| # include <sys/stat.h>
| #endif
| #ifdef STDC_HEADERS
| # include <stdlib.h>
| # include <stddef.h>
| #else
| # ifdef HAVE_STDLIB_H
| #  include <stdlib.h>
| # endif
| #endif
| #ifdef HAVE_STRING_H
| # if !defined STDC_HEADERS && defined HAVE_MEMORY_H
| #  include <memory.h>
| # endif
| # include <string.h>
| #endif
| #ifdef HAVE_STRINGS_H
| # include <strings.h>
| #endif
| #ifdef HAVE_INTTYPES_H
| # include <inttypes.h>
| #endif
| #ifdef HAVE_STDINT_H
| # include <stdint.h>
| #endif
| #ifdef HAVE_UNISTD_H
| # include <unistd.h>
| #endif
| int
| main ()
| {
| if (sizeof ((mode_t)))
| 	    return 0;
|   ;
|   return 0;
| }
configure:12827: result: yes
configure:12838: checking for off_t
configure:12838: g++ -c -g2     -DIDXFS_ENABLE_COMPRESSION  conftest.cpp >&5
configure:12838: $? = 0
configure:12838: g++ -c -g2     -DIDXFS_ENABLE_COMPRESSION  conftest.cpp >&5
conftest.cpp: In function 'int main()':
conftest.cpp:65:19: error: expected primary-expression before ')' token
   65 | if (sizeof ((off_t)))
      |                   ^
configure:12838: $? = 1
configure: failed program was:
| /* confdefs.h */
| #define PACKAGE_NAME "indexfs"
| #define PACKAGE_TARNAME "indexfs"
| #define PACKAGE_VERSION "0.4.1"
| #define PACKAGE_STRING "indexfs 0.4.1"
| #define PACKAGE_BUGREPORT ""
| #define PACKAGE_URL ""
| #define STDC_HEADERS 1
| #define HAVE_SYS_TYPES_H 1
| #define HAVE_SYS_STAT_H 1
| #define HAVE_STDLIB_H 1
| #define HAVE_STRING_H 1
| #define HAVE_MEMORY_H 1
| #define HAVE_STRINGS_H 1
| #define HAVE_INTTYPES_H 1
| #define HAVE_STDINT_H 1
| #define HAVE_UNISTD_H 1
| #define __EXTENSIONS__ 1
| #define _ALL_SOURCE 1
| #define _GNU_SOURCE 1
| #define _POSIX_PTHREAD_SEMANTICS 1
| #define _TANDEM_SOURCE 1
| #define PACKAGE "indexfs"
| #define VERSION "0.4.1"
| #define HAVE_DLFCN_H 1
| #define LT_OBJDIR ".libs/"
| #define HAVE_NETINET_IN_H 1
| /* end confdefs.h.  */
| #include <stdio.h>
| #ifdef HAVE_SYS_TYPES_H
| # include <sys/types.h>
| #endif
| #ifdef HAVE_SYS_STAT_H
| # include <sys/stat.h>
| #endif
| #ifdef STDC_HEADERS
| # include <stdlib.h>
| # include <stddef.h>
| #else
| # ifdef HAVE_STDLIB_H
| #  include <stdlib.h>
| # endif
| #endif
| #ifdef HAVE_STRING_H
| # if !defined STDC_HEADERS && defined HAVE_MEMORY_H
| #  include <memory.h>
| # endif
| # include <string.h>
| #endif
| #ifdef HAVE_STRINGS_H
| # include <strings.h>
| #endif
| #ifdef HAVE_INTTYPES_H
| # include <inttypes.h>
| #endif
| #ifdef HAVE_STDINT_H
| # include <stdint.h>
| #endif
| #ifdef HAVE_UNISTD_H
| # include <unistd.h>
| #endif
| int
| main ()
| {
| if (sizeof ((off_t)))
| 	    return 0;
|   ;
|   return 0;
| }
configure:12838: result: yes
configure:12849: checking for pid_t
configure:12849: g++ -c -g2     -DIDXFS_ENABLE_COMPRESSION  conftest.cpp >&5
configure:12849: $? = 0
configure:12849: g++ -c -g2     -DIDXFS_ENABLE_COMPRESSION  conftest.cpp >&5
conftest.cpp: In function 'int main()':
conftest.cpp:65:19: error: expected primary-expression before ')' token
   65 | if (sizeof ((pid_t)))
      |                   ^
configure:12849: $? = 1
configure: failed program was:
| /* confdefs.h */
| #define PACKAGE_NAME "indexfs"
| #define PACKAGE_TARNAME "indexfs"
| #define PACKAGE_VERSION "0.4.1"
| #define PACKAGE_STRING "indexfs 0.4.1"
| #define PACKAGE_BUGREPORT ""
| #define PACKAGE_URL ""
| #define STDC_HEADERS 1
| #define HAVE_SYS_TYPES_H 1
| #define HAVE_SYS_STAT_H 1
| #define HAVE_STDLIB_H 1
| #define HAVE_STRING_H 1
| #define HAVE_MEMORY_H 1
| #define HAVE_STRINGS_H 1
| #define HAVE_INTTYPES_H 1
| #define HAVE_STDINT_H 1
| #define HAVE_UNISTD_H 1
| #define __EXTENSIONS__ 1
| #define _ALL_SOURCE 1
| #define _GNU_SOURCE 1
| #define _POSIX_PTHREAD_SEMANTICS 1
| #define _TANDEM_SOURCE 1
| #define PACKAGE "indexfs"
| #define VERSION "0.4.1"
| #define HAVE_DLFCN_H 1
| #define LT_OBJDIR ".libs/"
| #define HAVE_NETINET_IN_H 1
| /* end confdefs.h.  */
| #include <stdio.h>
| #ifdef HAVE_SYS_TYPES_H
| # include <sys/types.h>
| #endif
| #ifdef HAVE_SYS_STAT_H
| # include <sys/stat.h>
| #endif
| #ifdef STDC_HEADERS
| # include <stdlib.h>
| # include <stddef.h>
| #else
| # ifdef HAVE_STDLIB_H
| #  include <stdlib.h>
| # endif
| #endif
| #ifdef HAVE_STRING_H
| # if !defined STDC_HEADERS && defined HAVE_MEMORY_H
| #  include <memory.h>
| # endif
| # include <string.h>
| #endif
| #ifdef HAVE_STRINGS_H
| # include <strings.h>
| #endif
| #ifdef HAVE_INTTYPES_H
| # include <inttypes.h>
| #endif
| #ifdef HAVE_STDINT_H
| # include <stdint.h>
| #endif
| #ifdef HAVE_UNISTD_H
| # include <unistd.h>
| #endif
| int
| main ()
| {
| if (sizeof ((pid_t)))
| 	    return 0;
|   ;
|   return 0;
| }
configure:12849: result: yes
configure:12860: checking for size_t
configure:12860: g++ -c -g2     -DIDXFS_ENABLE_COMPRESSION  conftest.cpp >&5
configure:12860: $? = 0
configure:12860: g++ -c -g2     -DIDXFS_ENABLE_COMPRESSION  conftest.cpp >&5
conftest.cpp: In function 'int main()':
conftest.cpp:65:20: error: expected primary-expression before ')' token
   65 | if (sizeof ((size_t)))
      |                    ^
configure:12860: $? = 1
configure: failed program was:
| /* confdefs.h */
| #define PACKAGE_NAME "indexfs"
| #define PACKAGE_TARNAME "indexfs"
| #define PACKAGE_VERSION "0.4.1"
| #define PACKAGE_STRING "indexfs 0.4.1"
| #define PACKAGE_BUGREPORT ""
| #define PACKAGE_URL ""
| #define STDC_HEADERS 1
| #define HAVE_SYS_TYPES_H 1
| #define HAVE_SYS_STAT_H 1
| #define HAVE_STDLIB_H 1
| #define HAVE_STRING_H 1
| #define HAVE_MEMORY_H 1
| #define HAVE_STRINGS_H 1
| #define HAVE_INTTYPES_H 1
| #define HAVE_STDINT_H 1
| #define HAVE_UNISTD_H 1
| #define __EXTENSIONS__ 1
| #define _ALL_SOURCE 1
| #define _GNU_SOURCE 1
| #define _POSIX_PTHREAD_SEMANTICS 1
| #define _TANDEM_SOURCE 1
| #define PACKAGE "indexfs"
| #define VERSION "0.4.1"
| #define HAVE_DLFCN_H 1
| #define LT_OBJDIR ".libs/"
| #define HAVE_NETINET_IN_H 1
| /* end confdefs.h.  */
| #include <stdio.h>
| #ifdef HAVE_SYS_TYPES_H
| # include <sys/types.h>
| #endif
| #ifdef HAVE_SYS_STAT_H
| # include <sys/stat.h>
| #endif
| #ifdef STDC_HEADERS
| # include <stdlib.h>
| # include <stddef.h>
| #else
| # ifdef HAVE_STDLIB_H
| #  include <stdlib.h>
| # endif
| #endif
| #ifdef HAVE_STRING_H
| # if !defined STDC_HEADERS && defined HAVE_MEMORY_H
| #  include <memory.h>
| # endif
| # include <string.h>
| #endif
| #ifdef HAVE_STRINGS_H
| # include <strings.h>
| #endif
| #ifdef HAVE_INTTYPES_H
| # include <inttypes.h>
| #endif
| #ifdef HAVE_STDINT_H
| # include <stdint.h>
| #endif
| #ifdef HAVE_UNISTD_H
| # include <unistd.h>
| #endif
| int
| main ()
| {
| if (sizeof ((size_t)))
| 	    return 0;
|   ;
|   return 0;
| }
configure:12860: result: yes
configure:12871: checking for ssize_t
configure:12871: g++ -c -g2     -DIDXFS_ENABLE_COMPRESSION  conftest.cpp >&5
configure:12871: $? = 0
configure:12871: g++ -c -g2     -DIDXFS_ENABLE_COMPRESSION  conftest.cpp >&5
conftest.cpp: In function 'int main()':
conftest.cpp:65:21: error: expected primary-expression before ')' token
   65 | if (sizeof ((ssize_t)))
      |                     ^
configure:12871: $? = 1
configure: failed program was:
| /* confdefs.h */
| #define PACKAGE_NAME "indexfs"
| #define PACKAGE_TARNAME "indexfs"
| #define PACKAGE_VERSION "0.4.1"
| #define PACKAGE_STRING "indexfs 0.4.1"
| #define PACKAGE_BUGREPORT ""
| #define PACKAGE_URL ""
| #define STDC_HEADERS 1
| #define HAVE_SYS_TYPES_H 1
| #define HAVE_SYS_STAT_H 1
| #define HAVE_STDLIB_H 1
| #define HAVE_STRING_H 1
| #define HAVE_MEMORY_H 1
| #define HAVE_STRINGS_H 1
| #define HAVE_INTTYPES_H 1
| #define HAVE_STDINT_H 1
| #define HAVE_UNISTD_H 1
| #define __EXTENSIONS__ 1
| #define _ALL_SOURCE 1
| #define _GNU_SOURCE 1
| #define _POSIX_PTHREAD_SEMANTICS 1
| #define _TANDEM_SOURCE 1
| #define PACKAGE "indexfs"
| #define VERSION "0.4.1"
| #define HAVE_DLFCN_H 1
| #define LT_OBJDIR ".libs/"
| #define HAVE_NETINET_IN_H 1
| /* end confdefs.h.  */
| #include <stdio.h>
| #ifdef HAVE_SYS_TYPES_H
| # include <sys/types.h>
| #endif
| #ifdef HAVE_SYS_STAT_H
| # include <sys/stat.h>
| #endif
| #ifdef STDC_HEADERS
| # include <stdlib.h>
| # include <stddef.h>
| #else
| # ifdef HAVE_STDLIB_H
| #  include <stdlib.h>
| # endif
| #endif
| #ifdef HAVE_STRING_H
| # if !defined STDC_HEADERS && defined HAVE_MEMORY_H
| #  include <memory.h>
| # endif
| # include <string.h>
| #endif
| #ifdef HAVE_STRINGS_H
| # include <strings.h>
| #endif
| #ifdef HAVE_INTTYPES_H
| # include <inttypes.h>
| #endif
| #ifdef HAVE_STDINT_H
| # include <stdint.h>
| #endif
| #ifdef HAVE_UNISTD_H
| # include <unistd.h>
| #endif
| int
| main ()
| {
| if (sizeof ((ssize_t)))
| 	    return 0;
|   ;
|   return 0;
| }
configure:12871: result: yes
configure:12882: checking for uid_t in sys/types.h
configure:12901: result: yes
configure:12912: checking for uint16_t
configure:12912: g++ -c -g2     -DIDXFS_ENABLE_COMPRESSION  conftest.cpp >&5
configure:12912: $? = 0
configure:12912: result: yes
configure:12924: checking for uint32_t
configure:12924: g++ -c -g2     -DIDXFS_ENABLE_COMPRESSION  conftest.cpp >&5
configure:12924: $? = 0
configure:12924: result: yes
configure:12938: checking for uint64_t
configure:12938: g++ -c -g2     -DIDXFS_ENABLE_COMPRESSION  conftest.cpp >&5
configure:12938: $? = 0
configure:12938: result: yes
configure:12952: checking for uint8_t
configure:12952: g++ -c -g2     -DIDXFS_ENABLE_COMPRESSION  conftest.cpp >&5
configure:12952: $? = 0
configure:12952: result: yes
configure:12967: checking for error_at_line
configure:12983: g++ -o conftest -g2     -DIDXFS_ENABLE_COMPRESSION   conftest.cpp  >&5
configure:12983: $? = 0
configure:12991: result: yes
configure:13004: checking for stdlib.h
configure:13004: result: yes
configure:13014: checking for GNU libc compatible malloc
configure:13038: g++ -o conftest -g2     -DIDXFS_ENABLE_COMPRESSION   conftest.cpp  >&5
configure:13038: $? = 0
configure:13038: ./conftest
configure:13038: $? = 0
configure:13048: result: yes
configure:13075: checking for stdlib.h
configure:13075: result: yes
configure:13075: checking for unistd.h
configure:13075: result: yes
configure:13075: checking for sys/param.h
configure:13075: g++ -c -g2     -DIDXFS_ENABLE_COMPRESSION  conftest.cpp >&5
configure:13075: $? = 0
configure:13075: result: yes
configure:13095: checking for getpagesize
configure:13095: g++ -o conftest -g2     -DIDXFS_ENABLE_COMPRESSION   conftest.cpp  >&5
configure:13095: $? = 0
configure:13095: result: yes
configure:13104: checking for working mmap
configure:13253: g++ -o conftest -g2     -DIDXFS_ENABLE_COMPRESSION   conftest.cpp  >&5
configure:13253: $? = 0
configure:13253: ./conftest
configure:13253: $? = 0
configure:13263: result: yes
configure:13272: checking whether lstat correctly handles trailing slash
configure:13298: g++ -o conftest -g2     -DIDXFS_ENABLE_COMPRESSION   conftest.cpp  >&5
configure:13298: $? = 0
configure:13298: ./conftest
configure:13298: $? = 0
configure:13315: result: yes
configure:13342: checking for special C compiler options needed for large files
configure:13387: result: no
configure:13393: checking for _FILE_OFFSET_BITS value needed for large files
configure:13418: g++ -c -g2     -DIDXFS_ENABLE_COMPRESSION  conftest.cpp >&5
configure:13418: $? = 0
configure:13450: result: no
configure:13544: checking for mpicc
configure:13571: result: mpicc.mpich
configure:13592: checking for mpic++
configure:13619: result: mpicxx.mpich
configure:13637: checking for MPI_Init
configure:13637: mpicxx.mpich -o conftest -g2     -DIDXFS_ENABLE_COMPRESSION   conftest.cpp  >&5
configure:13637: $? = 0
configure:13637: result: yes
configure:13730: checking for mpi.h
configure:13743: mpicxx.mpich -c -g2     -DIDXFS_ENABLE_COMPRESSION  conftest.cpp >&5
configure:13743: $? = 0
configure:13744: result: yes
configure:13772: checking target os
configure:13808: result: Linux
configure:13816: checking whether C++ compiler accepts -std=c++0x
configure:13835: g++ -c -g2     -DIDXFS_ENABLE_COMPRESSION  -std=c++0x  conftest.cpp >&5
configure:13835: $? = 0
configure:13843: result: yes
configure:13851: checking whether C++ compiler accepts -pthread
configure:13870: g++ -c -g2     -DIDXFS_ENABLE_COMPRESSION  -pthread  conftest.cpp >&5
configure:13870: $? = 0
configure:13878: result: yes
configure:13886: checking whether C++ compiler accepts -fno-builtin-memcmp
configure:13905: g++ -c -g2     -DIDXFS_ENABLE_COMPRESSION  -fno-builtin-memcmp  conftest.cpp >&5
configure:13905: $? = 0
configure:13913: result: yes
configure:13921: checking whether C++ compiler accepts -fno-builtin-memmove
configure:13940: g++ -c -g2     -DIDXFS_ENABLE_COMPRESSION  -fno-builtin-memmove  conftest.cpp >&5
configure:13940: $? = 0
configure:13948: result: yes
configure:13964: checking for main in -lstdc++
configure:13983: g++ -o conftest -g2     -DIDXFS_ENABLE_COMPRESSION   conftest.cpp -lstdc++   >&5
configure:13983: $? = 0
configure:13992: result: yes
configure:14010: checking for sin in -lm
configure:14035: g++ -o conftest -g2     -DIDXFS_ENABLE_COMPRESSION   conftest.cpp -lm  -lstdc++  >&5
conftest.cpp:45:6: warning: declaration of 'char sin()' conflicts with built-in declaration 'double sin(double)' [-Wbuiltin-declaration-mismatch]
   45 | char sin ();
      |      ^~~
configure:14035: $? = 0
configure:14044: result: yes
configure:14062: checking for gzopen in -lz
configure:14087: g++ -o conftest -g2     -DIDXFS_ENABLE_COMPRESSION   conftest.cpp -lz  -lm -lstdc++  >&5
configure:14087: $? = 0
configure:14096: result: yes
configure:14114: checking for dlopen in -ldl
configure:14139: g++ -o conftest -g2     -DIDXFS_ENABLE_COMPRESSION   conftest.cpp -ldl  -lz -lm -lstdc++  >&5
configure:14139: $? = 0
configure:14148: result: yes
configure:14166: checking for pthread_create in -lpthread
configure:14191: g++ -o conftest -g2     -DIDXFS_ENABLE_COMPRESSION   conftest.cpp -lpthread  -ldl -lz -lm -lstdc++  >&5
configure:14191: $? = 0
configure:14200: result: yes
configure:14223: checking for main in -lglog
configure:14242: g++ -o conftest -g2     -DIDXFS_ENABLE_COMPRESSION   conftest.cpp -lglog  -lpthread -ldl -lz -lm -lstdc++  >&5
configure:14242: $? = 0
configure:14251: result: yes
configure:14269: checking for main in -lgflags
configure:14288: g++ -o conftest -g2     -DIDXFS_ENABLE_COMPRESSION   conftest.cpp -lgflags  -lglog -lpthread -ldl -lz -lm -lstdc++  >&5
configure:14288: $? = 0
configure:14297: result: yes
configure:14315: checking for event_dispatch in -levent
configure:14340: g++ -o conftest -g2     -DIDXFS_ENABLE_COMPRESSION   conftest.cpp -levent  -lgflags -lglog -lpthread -ldl -lz -lm -lstdc++  >&5
configure:14340: $? = 0
configure:14349: result: yes
configure:14367: checking for main in -lthrift
configure:14386: g++ -o conftest -g2     -DIDXFS_ENABLE_COMPRESSION   conftest.cpp -lthrift  -levent -lgflags -lglog -lpthread -ldl -lz -lm -lstdc++  >&5
configure:14386: $? = 0
configure:14395: result: yes
configure:14413: checking for main in -lthriftnb
configure:14432: g++ -o conftest -g2     -DIDXFS_ENABLE_COMPRESSION   conftest.cpp -lthriftnb  -lthrift -levent -lgflags -lglog -lpthread -ldl -lz -lm -lstdc++  >&5
configure:14432: $? = 0
configure:14441: result: yes
configure:14466: checking gflags/gflags.h usability
configure:14466: g++ -c -g2     -DIDXFS_ENABLE_COMPRESSION  conftest.cpp >&5
configure:14466: $? = 0
configure:14466: result: yes
configure:14466: checking gflags/gflags.h presence
configure:14466: g++ -E  conftest.cpp
configure:14466: $? = 0
configure:14466: result: yes
configure:14466: checking for gflags/gflags.h
configure:14466: result: yes
configure:14483: checking glog/logging.h usability
configure:14483: g++ -c -g2     -DIDXFS_ENABLE_COMPRESSION  conftest.cpp >&5
configure:14483: $? = 0
configure:14483: result: yes
configure:14483: checking glog/logging.h presence
configure:14483: g++ -E  conftest.cpp
configure:14483: $? = 0
configure:14483: result: yes
configure:14483: checking for glog/logging.h
configure:14483: result: yes
configure:14505: checking thrift/TProcessor.h usability
configure:14505: g++ -c -g2     -DIDXFS_ENABLE_COMPRESSION  conftest.cpp >&5
configure:14505: $? = 0
configure:14505: result: yes
configure:14505: checking thrift/TProcessor.h presence
configure:14505: g++ -E  conftest.cpp
configure:14505: $? = 0
configure:14505: result: yes
configure:14505: checking for thrift/TProcessor.h
configure:14505: result: yes
configure:14505: checking thrift/protocol/TProtocol.h usability
configure:14505: g++ -c -g2     -DIDXFS_ENABLE_COMPRESSION  conftest.cpp >&5
configure:14505: $? = 0
configure:14505: result: yes
configure:14505: checking thrift/protocol/TProtocol.h presence
configure:14505: g++ -E  conftest.cpp
configure:14505: $? = 0
configure:14505: result: yes
configure:14505: checking for thrift/protocol/TProtocol.h
configure:14505: result: yes
configure:14505: checking thrift/transport/TTransport.h usability
configure:14505: g++ -c -g2     -DIDXFS_ENABLE_COMPRESSION  conftest.cpp >&5
configure:14505: $? = 0
configure:14505: result: yes
configure:14505: checking thrift/transport/TTransport.h presence
configure:14505: g++ -E  conftest.cpp
configure:14505: $? = 0
configure:14505: result: yes
configure:14505: checking for thrift/transport/TTransport.h
configure:14505: result: yes
configure:14505: checking thrift/concurrency/ThreadManager.h usability
configure:14505: g++ -c -g2     -DIDXFS_ENABLE_COMPRESSION  conftest.cpp >&5
configure:14505: $? = 0
configure:14505: result: yes
configure:14505: checking thrift/concurrency/ThreadManager.h presence
configure:14505: g++ -E  conftest.cpp
configure:14505: $? = 0
configure:14505: result: yes
configure:14505: checking for thrift/concurrency/ThreadManager.h
configure:14505: result: yes
configure:14505: checking thrift/server/TServer.h usability
configure:14505: g++ -c -g2     -DIDXFS_ENABLE_COMPRESSION  conftest.cpp >&5
configure:14505: $? = 0
configure:14505: result: yes
configure:14505: checking thrift/server/TServer.h presence
configure:14505: g++ -E  conftest.cpp
configure:14505: $? = 0
configure:14505: result: yes
configure:14505: checking for thrift/server/TServer.h
configure:14505: result: yes
configure:14527: checking for thrift
configure:14545: found /usr/local/bin/thrift
configure:14557: result: /usr/local/bin/thrift
configure:15225: checking fuse.h usability
configure:15225: g++ -c -g2     -DIDXFS_ENABLE_COMPRESSION  -D_FILE_OFFSET_BITS=64 conftest.cpp >&5
configure:15225: $? = 0
configure:15225: result: yes
configure:15225: checking fuse.h presence
configure:15225: g++ -E  -D_FILE_OFFSET_BITS=64 conftest.cpp
configure:15225: $? = 0
configure:15225: result: yes
configure:15225: checking for fuse.h
configure:15225: result: yes
configure:15237: checking for fuse_main in -lfuse
configure:15262: g++ -o conftest -g2     -DIDXFS_ENABLE_COMPRESSION  -D_FILE_OFFSET_BITS=64  conftest.cpp -lfuse  -lthriftnb -lthrift -levent -lgflags -lglog -lpthread -ldl -lz -lm -lstdc++  >&5
configure:15262: $? = 0
configure:15271: result: yes
configure:15322: checking zookeeper/zookeeper.h usability
configure:15322: g++ -c -g2     -DIDXFS_ENABLE_COMPRESSION  conftest.cpp >&5
conftest.cpp:89:10: fatal error: zookeeper/zookeeper.h: No such file or directory
   89 | #include <zookeeper/zookeeper.h>
      |          ^~~~~~~~~~~~~~~~~~~~~~~
compilation terminated.
configure:15322: $? = 1
configure: failed program was:
| /* confdefs.h */
| #define PACKAGE_NAME "indexfs"
| #define PACKAGE_TARNAME "indexfs"
| #define PACKAGE_VERSION "0.4.1"
| #define PACKAGE_STRING "indexfs 0.4.1"
| #define PACKAGE_BUGREPORT ""
| #define PACKAGE_URL ""
| #define STDC_HEADERS 1
| #define HAVE_SYS_TYPES_H 1
| #define HAVE_SYS_STAT_H 1
| #define HAVE_STDLIB_H 1
| #define HAVE_STRING_H 1
| #define HAVE_MEMORY_H 1
| #define HAVE_STRINGS_H 1
| #define HAVE_INTTYPES_H 1
| #define HAVE_STDINT_H 1
| #define HAVE_UNISTD_H 1
| #define __EXTENSIONS__ 1
| #define _ALL_SOURCE 1
| #define _GNU_SOURCE 1
| #define _POSIX_PTHREAD_SEMANTICS 1
| #define _TANDEM_SOURCE 1
| #define PACKAGE "indexfs"
| #define VERSION "0.4.1"
| #define HAVE_DLFCN_H 1
| #define LT_OBJDIR ".libs/"
| #define HAVE_NETINET_IN_H 1
| #define HAVE_STDLIB_H 1
| #define HAVE_MALLOC 1
| #define HAVE_STDLIB_H 1
| #define HAVE_UNISTD_H 1
| #define HAVE_SYS_PARAM_H 1
| #define HAVE_GETPAGESIZE 1
| #define HAVE_MMAP 1
| #define LSTAT_FOLLOWS_SLASHED_SYMLINK 1
| #define HAVE_LIBSTDC__ 1
| #define HAVE_LIBM 1
| #define HAVE_LIBZ 1
| #define HAVE_LIBDL 1
| #define HAVE_LIBPTHREAD 1
| #define HAVE_LIBGLOG 1
| #define HAVE_LIBGFLAGS 1
| #define HAVE_LIBEVENT 1
| #define HAVE_LIBTHRIFT 1
| #define HAVE_LIBTHRIFTNB 1
| #define HAVE_GFLAGS_GFLAGS_H 1
| #define HAVE_GLOG_LOGGING_H 1
| #define HAVE_THRIFT_TPROCESSOR_H 1
| #define HAVE_THRIFT_PROTOCOL_TPROTOCOL_H 1
| #define HAVE_THRIFT_TRANSPORT_TTRANSPORT_H 1
| #define HAVE_THRIFT_CONCURRENCY_THREADMANAGER_H 1
| #define HAVE_THRIFT_SERVER_TSERVER_H 1
| #define HAVE_FUSE_H 1
| #define HAVE_LIBFUSE 1
| /* end confdefs.h.  */
| #include <stdio.h>
| #ifdef HAVE_SYS_TYPES_H
| # include <sys/types.h>
| #endif
| #ifdef HAVE_SYS_STAT_H
| # include <sys/stat.h>
| #endif
| #ifdef STDC_HEADERS
| # include <stdlib.h>
| # include <stddef.h>
| #else
| # ifdef HAVE_STDLIB_H
| #  include <stdlib.h>
| # endif
| #endif
| #ifdef HAVE_STRING_H
| # if !defined STDC_HEADERS && defined HAVE_MEMORY_H
| #  include <memory.h>
| # endif
| # include <string.h>
| #endif
| #ifdef HAVE_STRINGS_H
| # include <strings.h>
| #endif
| #ifdef HAVE_INTTYPES_H
| # include <inttypes.h>
| #endif
| #ifdef HAVE_STDINT_H
| # include <stdint.h>
| #endif
| #ifdef HAVE_UNISTD_H
| # include <unistd.h>
| #endif
| #include <zookeeper/zookeeper.h>
configure:15322: result: no
configure:15322: checking zookeeper/zookeeper.h presence
configure:15322: g++ -E  conftest.cpp
conftest.cpp:56:10: fatal error: zookeeper/zookeeper.h: No such file or directory
   56 | #include <zookeeper/zookeeper.h>
      |          ^~~~~~~~~~~~~~~~~~~~~~~
compilation terminated.
configure:15322: $? = 1
configure: failed program was:
| /* confdefs.h */
| #define PACKAGE_NAME "indexfs"
| #define PACKAGE_TARNAME "indexfs"
| #define PACKAGE_VERSION "0.4.1"
| #define PACKAGE_STRING "indexfs 0.4.1"
| #define PACKAGE_BUGREPORT ""
| #define PACKAGE_URL ""
| #define STDC_HEADERS 1
| #define HAVE_SYS_TYPES_H 1
| #define HAVE_SYS_STAT_H 1
| #define HAVE_STDLIB_H 1
| #define HAVE_STRING_H 1
| #define HAVE_MEMORY_H 1
| #define HAVE_STRINGS_H 1
| #define HAVE_INTTYPES_H 1
| #define HAVE_STDINT_H 1
| #define HAVE_UNISTD_H 1
| #define __EXTENSIONS__ 1
| #define _ALL_SOURCE 1
| #define _GNU_SOURCE 1
| #define _POSIX_PTHREAD_SEMANTICS 1
| #define _TANDEM_SOURCE 1
| #define PACKAGE "indexfs"
| #define VERSION "0.4.1"
| #define HAVE_DLFCN_H 1
| #define LT_OBJDIR ".libs/"
| #define HAVE_NETINET_IN_H 1
| #define HAVE_STDLIB_H 1
| #define HAVE_MALLOC 1
| #define HAVE_STDLIB_H 1
| #define HAVE_UNISTD_H 1
| #define HAVE_SYS_PARAM_H 1
| #define HAVE_GETPAGESIZE 1
| #define HAVE_MMAP 1
| #define LSTAT_FOLLOWS_SLASHED_SYMLINK 1
| #define HAVE_LIBSTDC__ 1
| #define HAVE_LIBM 1
| #define HAVE_LIBZ 1
| #define HAVE_LIBDL 1
| #define HAVE_LIBPTHREAD 1
| #define HAVE_LIBGLOG 1
| #define HAVE_LIBGFLAGS 1
| #define HAVE_LIBEVENT 1
| #define HAVE_LIBTHRIFT 1
| #define HAVE_LIBTHRIFTNB 1
| #define HAVE_GFLAGS_GFLAGS_H 1
| #define HAVE_GLOG_LOGGING_H 1
| #define HAVE_THRIFT_TPROCESSOR_H 1
| #define HAVE_THRIFT_PROTOCOL_TPROTOCOL_H 1
| #define HAVE_THRIFT_TRANSPORT_TTRANSPORT_H 1
| #define HAVE_THRIFT_CONCURRENCY_THREADMANAGER_H 1
| #define HAVE_THRIFT_SERVER_TSERVER_H 1
| #define HAVE_FUSE_H 1
| #define HAVE_LIBFUSE 1
| /* end confdefs.h.  */
| #include <zookeeper/zookeeper.h>
configure:15322: result: no
configure:15322: checking for zookeeper/zookeeper.h
configure:15322: result: no
configure:15334: checking for zookeeper_init in -lzookeeper_mt
configure:15359: g++ -o conftest -g2     -DIDXFS_ENABLE_COMPRESSION   conftest.cpp -lzookeeper_mt  -lfuse -lthriftnb -lthrift -levent -lgflags -lglog -lpthread -ldl -lz -lm -lstdc++  >&5
/usr/bin/ld: cannot find -lzookeeper_mt
collect2: error: ld returned 1 exit status
configure:15359: $? = 1
configure: failed program was:
| /* confdefs.h */
| #define PACKAGE_NAME "indexfs"
| #define PACKAGE_TARNAME "indexfs"
| #define PACKAGE_VERSION "0.4.1"
| #define PACKAGE_STRING "indexfs 0.4.1"
| #define PACKAGE_BUGREPORT ""
| #define PACKAGE_URL ""
| #define STDC_HEADERS 1
| #define HAVE_SYS_TYPES_H 1
| #define HAVE_SYS_STAT_H 1
| #define HAVE_STDLIB_H 1
| #define HAVE_STRING_H 1
| #define HAVE_MEMORY_H 1
| #define HAVE_STRINGS_H 1
| #define HAVE_INTTYPES_H 1
| #define HAVE_STDINT_H 1
| #define HAVE_UNISTD_H 1
| #define __EXTENSIONS__ 1
| #define _ALL_SOURCE 1
| #define _GNU_SOURCE 1
| #define _POSIX_PTHREAD_SEMANTICS 1
| #define _TANDEM_SOURCE 1
| #define PACKAGE "indexfs"
| #define VERSION "0.4.1"
| #define HAVE_DLFCN_H 1
| #define LT_OBJDIR ".libs/"
| #define HAVE_NETINET_IN_H 1
| #define HAVE_STDLIB_H 1
| #define HAVE_MALLOC 1
| #define HAVE_STDLIB_H 1
| #define HAVE_UNISTD_H 1
| #define HAVE_SYS_PARAM_H 1
| #define HAVE_GETPAGESIZE 1
| #define HAVE_MMAP 1
| #define LSTAT_FOLLOWS_SLASHED_SYMLINK 1
| #define HAVE_LIBSTDC__ 1
| #define HAVE_LIBM 1
| #define HAVE_LIBZ 1
| #define HAVE_LIBDL 1
| #define HAVE_LIBPTHREAD 1
| #define HAVE_LIBGLOG 1
| #define HAVE_LIBGFLAGS 1
| #define HAVE_LIBEVENT 1
| #define HAVE_LIBTHRIFT 1
| #define HAVE_LIBTHRIFTNB 1
| #define HAVE_GFLAGS_GFLAGS_H 1
| #define HAVE_GLOG_LOGGING_H 1
| #define HAVE_THRIFT_TPROCESSOR_H 1
| #define HAVE_THRIFT_PROTOCOL_TPROTOCOL_H 1
| #define HAVE_THRIFT_TRANSPORT_TTRANSPORT_H 1
| #define HAVE_THRIFT_CONCURRENCY_THREADMANAGER_H 1
| #define HAVE_THRIFT_SERVER_TSERVER_H 1
| #define HAVE_FUSE_H 1
| #define HAVE_LIBFUSE 1
| /* end confdefs.h.  */
| 
| /* Override any GCC internal prototype to avoid an error.
|    Use char because int might match the return type of a GCC
|    builtin and then its argument prototype would still apply.  */
| #ifdef __cplusplus
| extern "C"
| #endif
| char zookeeper_init ();
| int
| main ()
| {
| return zookeeper_init ();
|   ;
|   return 0;
| }
configure:15368: result: no
configure:15418: checking snappy.h usability
configure:15418: g++ -c -g2     -DIDXFS_ENABLE_COMPRESSION  conftest.cpp >&5
configure:15418: $? = 0
configure:15418: result: yes
configure:15418: checking snappy.h presence
configure:15418: g++ -E  conftest.cpp
configure:15418: $? = 0
configure:15418: result: yes
configure:15418: checking for snappy.h
configure:15418: result: yes
configure:15430: checking for snappy_compress in -lsnappy
configure:15455: g++ -o conftest -g2     -DIDXFS_ENABLE_COMPRESSION   conftest.cpp -lsnappy  -lfuse -lthriftnb -lthrift -levent -lgflags -lglog -lpthread -ldl -lz -lm -lstdc++  >&5
configure:15455: $? = 0
configure:15464: result: yes
configure:15659: checking that generated files are newer than configure
configure:15665: result: done
configure:15724: creating ./config.status

## ---------------------- ##
## Running config.status. ##
## ---------------------- ##

This file was extended by indexfs config.status 0.4.1, which was
generated by GNU Autoconf 2.69.  Invocation command line was

  CONFIG_FILES    = 
  CONFIG_HEADERS  = 
  CONFIG_LINKS    = 
  CONFIG_COMMANDS = 
  $ ./config.status 

on yyx-XPS-13-9365

config.status:1217: creating Makefile
config.status:1217: creating lib/leveldb/Makefile
config.status:1217: creating thrift/Makefile
config.status:1217: creating common/Makefile
config.status:1217: creating util/Makefile
config.status:1217: creating metadb/Makefile
config.status:1217: creating ipc/Makefile
config.status:1217: creating server/Makefile
config.status:1217: creating client/Makefile
config.status:1217: creating c/Makefile
config.status:1217: creating bin/Makefile
config.status:1217: creating io_test/Makefile
config.status:1217: creating config.h
config.status:1383: config.h is unchanged
config.status:1431: executing depfiles commands
config.status:1508: cd lib/leveldb       && sed -e '/# am--include-marker/d' Makefile         | make -f - am--depfiles
make: Nothing to be done for 'am--depfiles'.
config.status:1513: $? = 0
config.status:1508: cd thrift       && sed -e '/# am--include-marker/d' Makefile         | make -f - am--depfiles
make: Nothing to be done for 'am--depfiles'.
config.status:1513: $? = 0
config.status:1508: cd common       && sed -e '/# am--include-marker/d' Makefile         | make -f - am--depfiles
make: Nothing to be done for 'am--depfiles'.
config.status:1513: $? = 0
config.status:1508: cd util       && sed -e '/# am--include-marker/d' Makefile         | make -f - am--depfiles
make: Nothing to be done for 'am--depfiles'.
config.status:1513: $? = 0
config.status:1508: cd metadb       && sed -e '/# am--include-marker/d' Makefile         | make -f - am--depfiles
make: Nothing to be done for 'am--depfiles'.
config.status:1513: $? = 0
config.status:1508: cd ipc       && sed -e '/# am--include-marker/d' Makefile         | make -f - am--depfiles
make: Nothing to be done for 'am--depfiles'.
config.status:1513: $? = 0
config.status:1508: cd server       && sed -e '/# am--include-marker/d' Makefile         | make -f - am--depfiles
make: Nothing to be done for 'am--depfiles'.
config.status:1513: $? = 0
config.status:1508: cd client       && sed -e '/# am--include-marker/d' Makefile         | make -f - am--depfiles
make: Nothing to be done for 'am--depfiles'.
config.status:1513: $? = 0
config.status:1508: cd c       && sed -e '/# am--include-marker/d' Makefile         | make -f - am--depfiles
make: Nothing to be done for 'am--depfiles'.
config.status:1513: $? = 0
config.status:1508: cd bin       && sed -e '/# am--include-marker/d' Makefile         | make -f - am--depfiles
make: Nothing to be done for 'am--depfiles'.
config.status:1513: $? = 0
config.status:1508: cd io_test       && sed -e '/# am--include-marker/d' Makefile         | make -f - am--depfiles
make: Nothing to be done for 'am--depfiles'.
config.status:1513: $? = 0
config.status:1431: executing libtool commands
configure:18145:
Using IndexFS : 0.4.1
configure:18219:
---------------------------------------------------
IndexFS Building Plan

Summary:
  Bulk Insertion: Off
  IndexFS will be built upon POSIX
---------------------------------------------------

## ---------------- ##
## Cache variables. ##
## ---------------- ##

ac_cv_build=x86_64-pc-linux-gnu
ac_cv_c_compiler_gnu=yes
ac_cv_c_inline=inline
ac_cv_c_int16_t=yes
ac_cv_c_int32_t=yes
ac_cv_c_int64_t=yes
ac_cv_c_int8_t=yes
ac_cv_c_uint16_t=yes
ac_cv_c_uint32_t=yes
ac_cv_c_uint64_t=yes
ac_cv_c_uint8_t=yes
ac_cv_cxx_compiler_gnu=yes
ac_cv_env_CCC_set=
ac_cv_env_CCC_value=
ac_cv_env_CC_set=
ac_cv_env_CC_value=
ac_cv_env_CFLAGS_set=set
ac_cv_env_CFLAGS_value='-g2     -DIDXFS_ENABLE_COMPRESSION'
ac_cv_env_CPPFLAGS_set=
ac_cv_env_CPPFLAGS_value=
ac_cv_env_CPP_set=
ac_cv_env_CPP_value=
ac_cv_env_CXXCPP_set=
ac_cv_env_CXXCPP_value=
ac_cv_env_CXXFLAGS_set=set
ac_cv_env_CXXFLAGS_value='-g2     -DIDXFS_ENABLE_COMPRESSION'
ac_cv_env_CXX_set=
ac_cv_env_CXX_value=
ac_cv_env_LDFLAGS_set=
ac_cv_env_LDFLAGS_value=
ac_cv_env_LIBS_set=
ac_cv_env_LIBS_value=
ac_cv_env_LT_SYS_LIBRARY_PATH_set=
ac_cv_env_LT_SYS_LIBRARY_PATH_value=
ac_cv_env_MPICC_set=set
ac_cv_env_MPICC_value=mpicc.mpich
ac_cv_env_MPICXX_set=set
ac_cv_env_MPICXX_value=mpicxx.mpich
ac_cv_env_build_alias_set=
ac_cv_env_build_alias_value=
ac_cv_env_host_alias_set=
ac_cv_env_host_alias_value=
ac_cv_env_target_alias_set=
ac_cv_env_target_alias_value=
ac_cv_func_MPI_Init=yes
ac_cv_func_getpagesize=yes
ac_cv_func_lstat_dereferences_slashed_symlink=yes
ac_cv_func_malloc_0_nonnull=yes
ac_cv_func_mmap_fixed_mapped=yes
ac_cv_header_dlfcn_h=yes
ac_cv_header_fuse_h=yes
ac_cv_header_gflags_gflags_h=yes
ac_cv_header_glog_logging_h=yes
ac_cv_header_inttypes_h=yes
ac_cv_header_memory_h=yes
ac_cv_header_minix_config_h=no
ac_cv_header_netinet_in_h=yes
ac_cv_header_snappy_h=yes
ac_cv_header_stdc=yes
ac_cv_header_stdint_h=yes
ac_cv_header_stdlib_h=yes
ac_cv_header_string_h=yes
ac_cv_header_strings_h=yes
ac_cv_header_sys_param_h=yes
ac_cv_header_sys_stat_h=yes
ac_cv_header_sys_types_h=yes
ac_cv_header_thrift_TProcessor_h=yes
ac_cv_header_thrift_concurrency_ThreadManager_h=yes
ac_cv_header_thrift_protocol_TProtocol_h=yes
ac_cv_header_thrift_server_TServer_h=yes
ac_cv_header_thrift_transport_TTransport_h=yes
ac_cv_header_unistd_h=yes
ac_cv_header_zookeeper_zookeeper_h=no
ac_cv_host=x86_64-pc-linux-gnu
ac_cv_lib_dl_dlopen=yes
ac_cv_lib_error_at_line=yes
ac_cv_lib_event_event_dispatch=yes
ac_cv_lib_fuse_fuse_main=yes
ac_cv_lib_gflags_main=yes
ac_cv_lib_glog_main=yes
ac_cv_lib_m_sin=yes
ac_cv_lib_pthread_pthread_create=yes
ac_cv_lib_snappy_snappy_compress=yes
ac_cv_lib_stdcpp_main=yes
ac_cv_lib_thrift_main=yes
ac_cv_lib_thriftnb_main=yes
ac_cv_lib_z_gzopen=yes
ac_cv_lib_zookeeper_mt_zookeeper_init=no
ac_cv_objext=o
ac_cv_path_EGREP='/usr/bin/grep -E'
ac_cv_path_FGREP='/usr/bin/grep -F'
ac_cv_path_GREP=/usr/bin/grep
ac_cv_path_SED=/usr/bin/sed
ac_cv_path_THRIFT=/usr/local/bin/thrift
ac_cv_path_install='/usr/bin/install -c'
ac_cv_path_lt_DD=/usr/bin/dd
ac_cv_path_mkdir=/usr/bin/mkdir
ac_cv_prog_AWK=mawk
ac_cv_prog_CPP='gcc -E'
ac_cv_prog_CXXCPP='g++ -E'
ac_cv_prog_MPICC=mpicc.mpich
ac_cv_prog_MPICXX=mpicxx.mpich
ac_cv_prog_ac_ct_AR=ar
ac_cv_prog_ac_ct_CC=gcc
ac_cv_prog_ac_ct_CXX=g++
ac_cv_prog_ac_ct_MANIFEST_TOOL=mt
ac_cv_prog_ac_ct_OBJDUMP=objdump
ac_cv_prog_ac_ct_RANLIB=ranlib
ac_cv_prog_ac_ct_STRIP=strip
ac_cv_prog_cc_c89=
ac_cv_prog_cc_g=yes
ac_cv_prog_cxx_g=yes
ac_cv_prog_make_make_set=yes
ac_cv_safe_to_define___extensions__=yes
ac_cv_sys_file_offset_bits=no
ac_cv_sys_largefile_CC=no
ac_cv_type_mode_t=yes
ac_cv_type_off_t=yes
ac_cv_type_pid_t=yes
ac_cv_type_size_t=yes
ac_cv_type_ssize_t=yes
ac_cv_type_uid_t=yes
am_cv_CC_dependencies_compiler_type=gcc3
am_cv_CXX_dependencies_compiler_type=gcc3
am_cv_ar_interface=ar
am_cv_make_support_nested_variables=yes
am_cv_prog_cc_c_o=yes
ax_cv_check_cxxflags___fno_builtin_memcmp=yes
ax_cv_check_cxxflags___fno_builtin_memmove=yes
ax_cv_check_cxxflags___pthread=yes
ax_cv_check_cxxflags___std_cpp0x=yes
lt_cv_ar_at_file=@
lt_cv_archive_cmds_need_lc=no
lt_cv_deplibs_check_method=pass_all
lt_cv_file_magic_cmd='$MAGIC_CMD'
lt_cv_file_magic_test_file=
lt_cv_ld_reload_flag=-r
lt_cv_nm_interface='BSD nm'
lt_cv_objdir=.libs
lt_cv_path_LD=/usr/bin/ld
lt_cv_path_LDCXX='/usr/bin/ld -m elf_x86_64'
lt_cv_path_NM='/usr/bin/nm -B'
lt_cv_path_mainfest_tool=no
lt_cv_prog_compiler_c_o=yes
lt_cv_prog_compiler_c_o_CXX=yes
lt_cv_prog_compiler_pic='-fPIC -DPIC'
lt_cv_prog_compiler_pic_CXX='-fPIC -DPIC'
lt_cv_prog_compiler_pic_works=yes
lt_cv_prog_compiler_pic_works_CXX=yes
lt_cv_prog_compiler_rtti_exceptions=no
lt_cv_prog_compiler_static_works=yes
lt_cv_prog_compiler_static_works_CXX=yes
lt_cv_prog_gnu_ld=yes
lt_cv_prog_gnu_ldcxx=yes
lt_cv_sharedlib_from_linklib_cmd='printf %s\n'
lt_cv_shlibpath_overrides_runpath=yes
lt_cv_sys_global_symbol_pipe='sed -n -e '\''s/^.*[	 ]\([ABCDGIRSTW][ABCDGIRSTW]*\)[	 ][	 ]*\([_A-Za-z][_A-Za-z0-9]*\)$/\1 \2 \2/p'\'' | sed '\''/ __gnu_lto/d'\'''
lt_cv_sys_global_symbol_to_c_name_address='sed -n -e '\''s/^: \(.*\) .*$/  {"\1", (void *) 0},/p'\'' -e '\''s/^[ABCDGIRSTW][ABCDGIRSTW]* .* \(.*\)$/  {"\1", (void *) \&\1},/p'\'''
lt_cv_sys_global_symbol_to_c_name_address_lib_prefix='sed -n -e '\''s/^: \(.*\) .*$/  {"\1", (void *) 0},/p'\'' -e '\''s/^[ABCDGIRSTW][ABCDGIRSTW]* .* \(lib.*\)$/  {"\1", (void *) \&\1},/p'\'' -e '\''s/^[ABCDGIRSTW][ABCDGIRSTW]* .* \(.*\)$/  {"lib\1", (void *) \&\1},/p'\'''
lt_cv_sys_global_symbol_to_cdecl='sed -n -e '\''s/^T .* \(.*\)$/extern int \1();/p'\'' -e '\''s/^[ABCDGIRSTW][ABCDGIRSTW]* .* \(.*\)$/extern char \1;/p'\'''
lt_cv_sys_global_symbol_to_import=
lt_cv_sys_max_cmd_len=1572864
lt_cv_to_host_file_cmd=func_convert_file_noop
lt_cv_to_tool_file_cmd=func_convert_file_noop
lt_cv_truncate_bin='/usr/bin/dd bs=4096 count=1'

## ----------------- ##
## Output variables. ##
## ----------------- ##

ACLOCAL='${SHELL} /home/yyx//indexfs/missing aclocal-1.16'
AMDEPBACKSLASH='\'
AMDEP_FALSE='#'
AMDEP_TRUE=''
AMTAR='$${TAR-tar}'
AM_BACKSLASH='\'
AM_DEFAULT_V='$(AM_DEFAULT_VERBOSITY)'
AM_DEFAULT_VERBOSITY='0'
AM_V='$(V)'
AR='ar'
AUTOCONF='${SHELL} /home/yyx//indexfs/missing autoconf'
AUTOHEADER='${SHELL} /home/yyx//indexfs/missing autoheader'
AUTOMAKE='${SHELL} /home/yyx//indexfs/missing automake-1.16'
AWK='mawk'
BACKEND_FLAGS='-DNFS'
BACKEND_HDFS_FALSE=''
BACKEND_HDFS_TRUE='#'
BACKEND_PVFS2_FALSE=''
BACKEND_PVFS2_TRUE='#'
BACKEND_RADOS_FALSE=''
BACKEND_RADOS_TRUE='#'
BUILD_FUSE_FALSE='#'
BUILD_FUSE_TRUE=''
BUILD_IOTESTS_FALSE='#'
BUILD_IOTESTS_TRUE=''
BUILD_MDTESTS_FALSE='#'
BUILD_MDTESTS_TRUE=''
BUILD_ZK_FALSE=''
BUILD_ZK_TRUE='#'
CC='gcc'
CCDEPMODE='depmode=gcc3'
CFLAGS='-g2     -DIDXFS_ENABLE_COMPRESSION'
CPP='gcc -E'
CPPFLAGS=''
CXX='g++'
CXXCPP='g++ -E'
CXXDEPMODE='depmode=gcc3'
CXXFLAGS='-g2     -DIDXFS_ENABLE_COMPRESSION'
CYGPATH_W='echo'
DEFS='-DHAVE_CONFIG_H'
DEPDIR='.deps'
DLLTOOL='false'
DSYMUTIL=''
DUMPBIN=''
ECHO_C=''
ECHO_N='-n'
ECHO_T=''
EGREP='/usr/bin/grep -E'
EXEEXT=''
EXTRA_CFLAGS=' -std=c++0x -pthread -fno-builtin-memcmp -fno-builtin-memmove'
EXTRA_INCLUDES='-I$(top_srcdir) -I$(top_srcdir)/lib -I$(top_srcdir)/lib/leveldb -I$(top_srcdir)/lib/leveldb/include'
FGREP='/usr/bin/grep -F'
GREP='/usr/bin/grep'
INDEXFS_VERSION='0.4.1'
INSTALL_DATA='${INSTALL} -m 644'
INSTALL_PROGRAM='${INSTALL}'
INSTALL_SCRIPT='${INSTALL}'
INSTALL_STRIP_PROGRAM='$(install_sh) -c -s'
JDK_INSTALLED_FALSE=''
JDK_INSTALLED_TRUE='#'
LD='/usr/bin/ld -m elf_x86_64'
LDFLAGS=''
LIBOBJS=''
LIBS='-lsnappy -lfuse -lthriftnb -lthrift -levent -lgflags -lglog -lpthread -ldl -lz -lm -lstdc++ '
LIBTOOL='$(SHELL) $(top_builddir)/libtool'
LIPO=''
LN_S='ln -s'
LTLIBOBJS=''
LT_SYS_LIBRARY_PATH=''
MAKEINFO='${SHELL} /home/yyx//indexfs/missing makeinfo'
MANIFEST_TOOL=':'
MKDIR_P='/usr/bin/mkdir -p'
MPICC='mpicc.mpich'
MPICXX='mpicxx.mpich'
MPILIBS=' '
NM='/usr/bin/nm -B'
NMEDIT=''
OBJDUMP='objdump'
OBJEXT='o'
OTOOL64=''
OTOOL=''
PACKAGE='indexfs'
PACKAGE_BUGREPORT=''
PACKAGE_NAME='indexfs'
PACKAGE_STRING='indexfs 0.4.1'
PACKAGE_TARNAME='indexfs'
PACKAGE_URL=''
PACKAGE_VERSION='0.4.1'
PATH_SEPARATOR=':'
PLATFORM='-DOS_LINUX'
PVFS2_LIBS=''
RANLIB='ranlib'
SED='/usr/bin/sed'
SET_MAKE=''
SHELL='/bin/bash'
SNAPPY_FLAGS='-DSNAPPY'
STRIP='strip'
THRIFT='/usr/local/bin/thrift'
VERSION='0.4.1'
ac_ct_AR='ar'
ac_ct_CC='gcc'
ac_ct_CXX='g++'
ac_ct_DUMPBIN=''
am__EXEEXT_FALSE=''
am__EXEEXT_TRUE='#'
am__fastdepCC_FALSE='#'
am__fastdepCC_TRUE=''
am__fastdepCXX_FALSE='#'
am__fastdepCXX_TRUE=''
am__include='include'
am__isrc=' -I$(srcdir)'
am__leading_dot='.'
am__nodep='_no'
am__quote=''
am__tar='$${TAR-tar} chof - "$$tardir"'
am__untar='$${TAR-tar} xf -'
bindir='${exec_prefix}/bin'
build='x86_64-pc-linux-gnu'
build_alias=''
build_cpu='x86_64'
build_os='linux-gnu'
build_vendor='pc'
datadir='${datarootdir}'
datarootdir='${prefix}/share'
docdir='${datarootdir}/doc/${PACKAGE_TARNAME}'
dvidir='${docdir}'
exec_prefix='${prefix}'
host='x86_64-pc-linux-gnu'
host_alias=''
host_cpu='x86_64'
host_os='linux-gnu'
host_vendor='pc'
htmldir='${docdir}'
includedir='${prefix}/include'
infodir='${datarootdir}/info'
install_sh='${SHELL} /home/yyx//indexfs/install-sh'
libdir='${exec_prefix}/lib'
libexecdir='${exec_prefix}/libexec'
localedir='${datarootdir}/locale'
localstatedir='${prefix}/var'
mandir='${datarootdir}/man'
mkdir_p='$(MKDIR_P)'
oldincludedir='/usr/include'
pdfdir='${docdir}'
prefix='/usr/local'
program_transform_name='s,x,x,'
psdir='${docdir}'
runstatedir='${localstatedir}/run'
sbindir='${exec_prefix}/sbin'
sharedstatedir='${prefix}/com'
sysconfdir='${prefix}/etc'
target_alias=''

## ----------- ##
## confdefs.h. ##
## ----------- ##

/* confdefs.h */
#define PACKAGE_NAME "indexfs"
#define PACKAGE_TARNAME "indexfs"
#define PACKAGE_VERSION "0.4.1"
#define PACKAGE_STRING "indexfs 0.4.1"
#define PACKAGE_BUGREPORT ""
#define PACKAGE_URL ""
#define STDC_HEADERS 1
#define HAVE_SYS_TYPES_H 1
#define HAVE_SYS_STAT_H 1
#define HAVE_STDLIB_H 1
#define HAVE_STRING_H 1
#define HAVE_MEMORY_H 1
#define HAVE_STRINGS_H 1
#define HAVE_INTTYPES_H 1
#define HAVE_STDINT_H 1
#define HAVE_UNISTD_H 1
#define __EXTENSIONS__ 1
#define _ALL_SOURCE 1
#define _GNU_SOURCE 1
#define _POSIX_PTHREAD_SEMANTICS 1
#define _TANDEM_SOURCE 1
#define PACKAGE "indexfs"
#define VERSION "0.4.1"
#define HAVE_DLFCN_H 1
#define LT_OBJDIR ".libs/"
#define HAVE_NETINET_IN_H 1
#define HAVE_STDLIB_H 1
#define HAVE_MALLOC 1
#define HAVE_STDLIB_H 1
#define HAVE_UNISTD_H 1
#define HAVE_SYS_PARAM_H 1
#define HAVE_GETPAGESIZE 1
#define HAVE_MMAP 1
#define LSTAT_FOLLOWS_SLASHED_SYMLINK 1
#define HAVE_LIBSTDC__ 1
#define HAVE_LIBM 1
#define HAVE_LIBZ 1
#define HAVE_LIBDL 1
#define HAVE_LIBPTHREAD 1
#define HAVE_LIBGLOG 1
#define HAVE_LIBGFLAGS 1
#define HAVE_LIBEVENT 1
#define HAVE_LIBTHRIFT 1
#define HAVE_LIBTHRIFTNB 1
#define HAVE_GFLAGS_GFLAGS_H 1
#define HAVE_GLOG_LOGGING_H 1
#define HAVE_THRIFT_TPROCESSOR_H 1
#define HAVE_THRIFT_PROTOCOL_TPROTOCOL_H 1
#define HAVE_THRIFT_TRANSPORT_TTRANSPORT_H 1
#define HAVE_THRIFT_CONCURRENCY_THREADMANAGER_H 1
#define HAVE_THRIFT_SERVER_TSERVER_H 1
#define HAVE_FUSE_H 1
#define HAVE_LIBFUSE 1
#define HAVE_SNAPPY_H 1
#define HAVE_LIBSNAPPY 1
#define __NFS__ /**/

configure: exit 0
